The system is: Linux - 5.16.14-200.fc35.x86_64 - x86_64
Compiling the C compiler identification source file "CMakeCCompilerId.c" succeeded.
Compiler: /home/maniageo/tools/spack/opt/spack/linux-fedora33-skylake/clang-12.0.0/llvm-13.0.0-yva5rl5rycciimnkcjkiyfat7kqsl77t/bin/clang 
Build flags: 
Id flags:  

The output was:
0


Compilation of the C compiler identification source "CMakeCCompilerId.c" produced "a.out"

The C compiler identification is Clang, found in "/home/maniageo/dev/phd/examples/vecpar/cmake-build-debug/CMakeFiles/3.21.1/CompilerIdC/a.out"

Compiling the CXX compiler identification source file "CMakeCXXCompilerId.cpp" succeeded.
Compiler: /home/maniageo/tools/spack/opt/spack/linux-fedora33-skylake/clang-12.0.0/llvm-13.0.0-yva5rl5rycciimnkcjkiyfat7kqsl77t/bin/clang++ 
Build flags: 
Id flags:  

The output was:
0


Compilation of the CXX compiler identification source "CMakeCXXCompilerId.cpp" produced "a.out"

The CXX compiler identification is Clang, found in "/home/maniageo/dev/phd/examples/vecpar/cmake-build-debug/CMakeFiles/3.21.1/CompilerIdCXX/a.out"

Detecting C compiler ABI info compiled with the following output:
Change Dir: /home/maniageo/dev/phd/examples/vecpar/cmake-build-debug/CMakeFiles/CMakeTmp

Run Build Command(s):/home/maniageo/tools/clion-2021.1.1/bin/ninja/linux/ninja cmTC_851f5 && [1/2] Building C object CMakeFiles/cmTC_851f5.dir/CMakeCCompilerABI.c.o
clang version 13.0.0 (https://github.com/georgi-mania/spack.git 6c4f891b8f77787c65a1a921c60d825860bb7d30)
Target: x86_64-unknown-linux-gnu
Thread model: posix
InstalledDir: /home/maniageo/tools/spack/opt/spack/linux-fedora33-skylake/clang-12.0.0/llvm-13.0.0-yva5rl5rycciimnkcjkiyfat7kqsl77t/bin
Found candidate GCC installation: /usr/lib/gcc/x86_64-redhat-linux/11
Selected GCC installation: /usr/lib/gcc/x86_64-redhat-linux/11
Candidate multilib: .;@m64
Candidate multilib: 32;@m32
Selected multilib: .;@m64
Found CUDA installation: /usr/local/cuda-11.6, version 11.2
 (in-process)
 "/home/maniageo/tools/spack/opt/spack/linux-fedora33-skylake/clang-12.0.0/llvm-13.0.0-yva5rl5rycciimnkcjkiyfat7kqsl77t/bin/clang-13" -cc1 -triple x86_64-unknown-linux-gnu -emit-obj -mrelax-all --mrelax-relocations -disable-free -disable-llvm-verifier -discard-value-names -main-file-name CMakeCCompilerABI.c -mrelocation-model static -mframe-pointer=all -fmath-errno -fno-rounding-math -mconstructor-aliases -munwind-tables -target-cpu x86-64 -tune-cpu generic -debugger-tuning=gdb -v -fcoverage-compilation-dir=/home/maniageo/dev/phd/examples/vecpar/cmake-build-debug/CMakeFiles/CMakeTmp -resource-dir /home/maniageo/tools/spack/opt/spack/linux-fedora33-skylake/clang-12.0.0/llvm-13.0.0-yva5rl5rycciimnkcjkiyfat7kqsl77t/lib/clang/13.0.0 -dependency-file CMakeFiles/cmTC_851f5.dir/CMakeCCompilerABI.c.o.d -MT CMakeFiles/cmTC_851f5.dir/CMakeCCompilerABI.c.o -sys-header-deps -internal-isystem /home/maniageo/tools/spack/opt/spack/linux-fedora33-skylake/clang-12.0.0/llvm-13.0.0-yva5rl5rycciimnkcjkiyfat7kqsl77t/lib/clang/13.0.0/include -internal-isystem /usr/local/include -internal-isystem /usr/lib/gcc/x86_64-redhat-linux/11/../../../../x86_64-redhat-linux/include -internal-externc-isystem /include -internal-externc-isystem /usr/include -fdebug-compilation-dir=/home/maniageo/dev/phd/examples/vecpar/cmake-build-debug/CMakeFiles/CMakeTmp -ferror-limit 19 -fgnuc-version=4.2.1 -faddrsig -D__GCC_HAVE_DWARF2_CFI_ASM=1 -o CMakeFiles/cmTC_851f5.dir/CMakeCCompilerABI.c.o -x c /home/maniageo/tools/clion-2021.1.1/bin/cmake/linux/share/cmake-3.21/Modules/CMakeCCompilerABI.c
clang -cc1 version 13.0.0 based upon LLVM 13.0.0 default target x86_64-unknown-linux-gnu
ignoring nonexistent directory "/usr/lib/gcc/x86_64-redhat-linux/11/../../../../x86_64-redhat-linux/include"
ignoring nonexistent directory "/include"
#include "..." search starts here:
#include <...> search starts here:
 /home/maniageo/tools/spack/opt/spack/linux-fedora33-skylake/clang-12.0.0/llvm-13.0.0-yva5rl5rycciimnkcjkiyfat7kqsl77t/lib/clang/13.0.0/include
 /usr/local/include
 /usr/include
End of search list.
[2/2] Linking C executable cmTC_851f5
clang version 13.0.0 (https://github.com/georgi-mania/spack.git 6c4f891b8f77787c65a1a921c60d825860bb7d30)
Target: x86_64-unknown-linux-gnu
Thread model: posix
InstalledDir: /home/maniageo/tools/spack/opt/spack/linux-fedora33-skylake/clang-12.0.0/llvm-13.0.0-yva5rl5rycciimnkcjkiyfat7kqsl77t/bin
Found candidate GCC installation: /usr/lib/gcc/x86_64-redhat-linux/11
Selected GCC installation: /usr/lib/gcc/x86_64-redhat-linux/11
Candidate multilib: .;@m64
Candidate multilib: 32;@m32
Selected multilib: .;@m64
Found CUDA installation: /usr/local/cuda-11.6, version 11.2
 "/usr/bin/ld" --hash-style=gnu --eh-frame-hdr -m elf_x86_64 -dynamic-linker /lib64/ld-linux-x86-64.so.2 -o cmTC_851f5 /usr/lib/gcc/x86_64-redhat-linux/11/../../../../lib64/crt1.o /usr/lib/gcc/x86_64-redhat-linux/11/../../../../lib64/crti.o /usr/lib/gcc/x86_64-redhat-linux/11/crtbegin.o -L/usr/lib/gcc/x86_64-redhat-linux/11 -L/usr/lib/gcc/x86_64-redhat-linux/11/../../../../lib64 -L/lib/../lib64 -L/usr/lib/../lib64 -L/home/maniageo/tools/spack/opt/spack/linux-fedora33-skylake/clang-12.0.0/llvm-13.0.0-yva5rl5rycciimnkcjkiyfat7kqsl77t/bin/../lib -L/lib -L/usr/lib CMakeFiles/cmTC_851f5.dir/CMakeCCompilerABI.c.o -lgcc --as-needed -lgcc_s --no-as-needed -lc -lgcc --as-needed -lgcc_s --no-as-needed /usr/lib/gcc/x86_64-redhat-linux/11/crtend.o /usr/lib/gcc/x86_64-redhat-linux/11/../../../../lib64/crtn.o



Parsed C implicit include dir info from above output: rv=done
  found start of include info
  found start of implicit include info
    add: [/home/maniageo/tools/spack/opt/spack/linux-fedora33-skylake/clang-12.0.0/llvm-13.0.0-yva5rl5rycciimnkcjkiyfat7kqsl77t/lib/clang/13.0.0/include]
    add: [/usr/local/include]
    add: [/usr/include]
  end of search list found
  collapse include dir [/home/maniageo/tools/spack/opt/spack/linux-fedora33-skylake/clang-12.0.0/llvm-13.0.0-yva5rl5rycciimnkcjkiyfat7kqsl77t/lib/clang/13.0.0/include] ==> [/home/maniageo/tools/spack/opt/spack/linux-fedora33-skylake/clang-12.0.0/llvm-13.0.0-yva5rl5rycciimnkcjkiyfat7kqsl77t/lib/clang/13.0.0/include]
  collapse include dir [/usr/local/include] ==> [/usr/local/include]
  collapse include dir [/usr/include] ==> [/usr/include]
  implicit include dirs: [/home/maniageo/tools/spack/opt/spack/linux-fedora33-skylake/clang-12.0.0/llvm-13.0.0-yva5rl5rycciimnkcjkiyfat7kqsl77t/lib/clang/13.0.0/include;/usr/local/include;/usr/include]


Parsed C implicit link information from above output:
  link line regex: [^( *|.*[/\])(ld\.lld|CMAKE_LINK_STARTFILE-NOTFOUND|([^/\]+-)?ld|collect2)[^/\]*( |$)]
  ignore line: [Change Dir: /home/maniageo/dev/phd/examples/vecpar/cmake-build-debug/CMakeFiles/CMakeTmp]
  ignore line: []
  ignore line: [Run Build Command(s):/home/maniageo/tools/clion-2021.1.1/bin/ninja/linux/ninja cmTC_851f5 && [1/2] Building C object CMakeFiles/cmTC_851f5.dir/CMakeCCompilerABI.c.o]
  ignore line: [clang version 13.0.0 (https://github.com/georgi-mania/spack.git 6c4f891b8f77787c65a1a921c60d825860bb7d30)]
  ignore line: [Target: x86_64-unknown-linux-gnu]
  ignore line: [Thread model: posix]
  ignore line: [InstalledDir: /home/maniageo/tools/spack/opt/spack/linux-fedora33-skylake/clang-12.0.0/llvm-13.0.0-yva5rl5rycciimnkcjkiyfat7kqsl77t/bin]
  ignore line: [Found candidate GCC installation: /usr/lib/gcc/x86_64-redhat-linux/11]
  ignore line: [Selected GCC installation: /usr/lib/gcc/x86_64-redhat-linux/11]
  ignore line: [Candidate multilib: .]
  ignore line: [@m64]
  ignore line: [Candidate multilib: 32]
  ignore line: [@m32]
  ignore line: [Selected multilib: .]
  ignore line: [@m64]
  ignore line: [Found CUDA installation: /usr/local/cuda-11.6  version 11.2]
  ignore line: [ (in-process)]
  ignore line: [ "/home/maniageo/tools/spack/opt/spack/linux-fedora33-skylake/clang-12.0.0/llvm-13.0.0-yva5rl5rycciimnkcjkiyfat7kqsl77t/bin/clang-13" -cc1 -triple x86_64-unknown-linux-gnu -emit-obj -mrelax-all --mrelax-relocations -disable-free -disable-llvm-verifier -discard-value-names -main-file-name CMakeCCompilerABI.c -mrelocation-model static -mframe-pointer=all -fmath-errno -fno-rounding-math -mconstructor-aliases -munwind-tables -target-cpu x86-64 -tune-cpu generic -debugger-tuning=gdb -v -fcoverage-compilation-dir=/home/maniageo/dev/phd/examples/vecpar/cmake-build-debug/CMakeFiles/CMakeTmp -resource-dir /home/maniageo/tools/spack/opt/spack/linux-fedora33-skylake/clang-12.0.0/llvm-13.0.0-yva5rl5rycciimnkcjkiyfat7kqsl77t/lib/clang/13.0.0 -dependency-file CMakeFiles/cmTC_851f5.dir/CMakeCCompilerABI.c.o.d -MT CMakeFiles/cmTC_851f5.dir/CMakeCCompilerABI.c.o -sys-header-deps -internal-isystem /home/maniageo/tools/spack/opt/spack/linux-fedora33-skylake/clang-12.0.0/llvm-13.0.0-yva5rl5rycciimnkcjkiyfat7kqsl77t/lib/clang/13.0.0/include -internal-isystem /usr/local/include -internal-isystem /usr/lib/gcc/x86_64-redhat-linux/11/../../../../x86_64-redhat-linux/include -internal-externc-isystem /include -internal-externc-isystem /usr/include -fdebug-compilation-dir=/home/maniageo/dev/phd/examples/vecpar/cmake-build-debug/CMakeFiles/CMakeTmp -ferror-limit 19 -fgnuc-version=4.2.1 -faddrsig -D__GCC_HAVE_DWARF2_CFI_ASM=1 -o CMakeFiles/cmTC_851f5.dir/CMakeCCompilerABI.c.o -x c /home/maniageo/tools/clion-2021.1.1/bin/cmake/linux/share/cmake-3.21/Modules/CMakeCCompilerABI.c]
  ignore line: [clang -cc1 version 13.0.0 based upon LLVM 13.0.0 default target x86_64-unknown-linux-gnu]
  ignore line: [ignoring nonexistent directory "/usr/lib/gcc/x86_64-redhat-linux/11/../../../../x86_64-redhat-linux/include"]
  ignore line: [ignoring nonexistent directory "/include"]
  ignore line: [#include "..." search starts here:]
  ignore line: [#include <...> search starts here:]
  ignore line: [ /home/maniageo/tools/spack/opt/spack/linux-fedora33-skylake/clang-12.0.0/llvm-13.0.0-yva5rl5rycciimnkcjkiyfat7kqsl77t/lib/clang/13.0.0/include]
  ignore line: [ /usr/local/include]
  ignore line: [ /usr/include]
  ignore line: [End of search list.]
  ignore line: [[2/2] Linking C executable cmTC_851f5]
  ignore line: [clang version 13.0.0 (https://github.com/georgi-mania/spack.git 6c4f891b8f77787c65a1a921c60d825860bb7d30)]
  ignore line: [Target: x86_64-unknown-linux-gnu]
  ignore line: [Thread model: posix]
  ignore line: [InstalledDir: /home/maniageo/tools/spack/opt/spack/linux-fedora33-skylake/clang-12.0.0/llvm-13.0.0-yva5rl5rycciimnkcjkiyfat7kqsl77t/bin]
  ignore line: [Found candidate GCC installation: /usr/lib/gcc/x86_64-redhat-linux/11]
  ignore line: [Selected GCC installation: /usr/lib/gcc/x86_64-redhat-linux/11]
  ignore line: [Candidate multilib: .]
  ignore line: [@m64]
  ignore line: [Candidate multilib: 32]
  ignore line: [@m32]
  ignore line: [Selected multilib: .]
  ignore line: [@m64]
  ignore line: [Found CUDA installation: /usr/local/cuda-11.6  version 11.2]
  link line: [ "/usr/bin/ld" --hash-style=gnu --eh-frame-hdr -m elf_x86_64 -dynamic-linker /lib64/ld-linux-x86-64.so.2 -o cmTC_851f5 /usr/lib/gcc/x86_64-redhat-linux/11/../../../../lib64/crt1.o /usr/lib/gcc/x86_64-redhat-linux/11/../../../../lib64/crti.o /usr/lib/gcc/x86_64-redhat-linux/11/crtbegin.o -L/usr/lib/gcc/x86_64-redhat-linux/11 -L/usr/lib/gcc/x86_64-redhat-linux/11/../../../../lib64 -L/lib/../lib64 -L/usr/lib/../lib64 -L/home/maniageo/tools/spack/opt/spack/linux-fedora33-skylake/clang-12.0.0/llvm-13.0.0-yva5rl5rycciimnkcjkiyfat7kqsl77t/bin/../lib -L/lib -L/usr/lib CMakeFiles/cmTC_851f5.dir/CMakeCCompilerABI.c.o -lgcc --as-needed -lgcc_s --no-as-needed -lc -lgcc --as-needed -lgcc_s --no-as-needed /usr/lib/gcc/x86_64-redhat-linux/11/crtend.o /usr/lib/gcc/x86_64-redhat-linux/11/../../../../lib64/crtn.o]
    arg [/usr/bin/ld] ==> ignore
    arg [--hash-style=gnu] ==> ignore
    arg [--eh-frame-hdr] ==> ignore
    arg [-m] ==> ignore
    arg [elf_x86_64] ==> ignore
    arg [-dynamic-linker] ==> ignore
    arg [/lib64/ld-linux-x86-64.so.2] ==> ignore
    arg [-o] ==> ignore
    arg [cmTC_851f5] ==> ignore
    arg [/usr/lib/gcc/x86_64-redhat-linux/11/../../../../lib64/crt1.o] ==> obj [/usr/lib/gcc/x86_64-redhat-linux/11/../../../../lib64/crt1.o]
    arg [/usr/lib/gcc/x86_64-redhat-linux/11/../../../../lib64/crti.o] ==> obj [/usr/lib/gcc/x86_64-redhat-linux/11/../../../../lib64/crti.o]
    arg [/usr/lib/gcc/x86_64-redhat-linux/11/crtbegin.o] ==> obj [/usr/lib/gcc/x86_64-redhat-linux/11/crtbegin.o]
    arg [-L/usr/lib/gcc/x86_64-redhat-linux/11] ==> dir [/usr/lib/gcc/x86_64-redhat-linux/11]
    arg [-L/usr/lib/gcc/x86_64-redhat-linux/11/../../../../lib64] ==> dir [/usr/lib/gcc/x86_64-redhat-linux/11/../../../../lib64]
    arg [-L/lib/../lib64] ==> dir [/lib/../lib64]
    arg [-L/usr/lib/../lib64] ==> dir [/usr/lib/../lib64]
    arg [-L/home/maniageo/tools/spack/opt/spack/linux-fedora33-skylake/clang-12.0.0/llvm-13.0.0-yva5rl5rycciimnkcjkiyfat7kqsl77t/bin/../lib] ==> dir [/home/maniageo/tools/spack/opt/spack/linux-fedora33-skylake/clang-12.0.0/llvm-13.0.0-yva5rl5rycciimnkcjkiyfat7kqsl77t/bin/../lib]
    arg [-L/lib] ==> dir [/lib]
    arg [-L/usr/lib] ==> dir [/usr/lib]
    arg [CMakeFiles/cmTC_851f5.dir/CMakeCCompilerABI.c.o] ==> ignore
    arg [-lgcc] ==> lib [gcc]
    arg [--as-needed] ==> ignore
    arg [-lgcc_s] ==> lib [gcc_s]
    arg [--no-as-needed] ==> ignore
    arg [-lc] ==> lib [c]
    arg [-lgcc] ==> lib [gcc]
    arg [--as-needed] ==> ignore
    arg [-lgcc_s] ==> lib [gcc_s]
    arg [--no-as-needed] ==> ignore
    arg [/usr/lib/gcc/x86_64-redhat-linux/11/crtend.o] ==> obj [/usr/lib/gcc/x86_64-redhat-linux/11/crtend.o]
    arg [/usr/lib/gcc/x86_64-redhat-linux/11/../../../../lib64/crtn.o] ==> obj [/usr/lib/gcc/x86_64-redhat-linux/11/../../../../lib64/crtn.o]
  collapse obj [/usr/lib/gcc/x86_64-redhat-linux/11/../../../../lib64/crt1.o] ==> [/usr/lib64/crt1.o]
  collapse obj [/usr/lib/gcc/x86_64-redhat-linux/11/../../../../lib64/crti.o] ==> [/usr/lib64/crti.o]
  collapse obj [/usr/lib/gcc/x86_64-redhat-linux/11/../../../../lib64/crtn.o] ==> [/usr/lib64/crtn.o]
  collapse library dir [/usr/lib/gcc/x86_64-redhat-linux/11] ==> [/usr/lib/gcc/x86_64-redhat-linux/11]
  collapse library dir [/usr/lib/gcc/x86_64-redhat-linux/11/../../../../lib64] ==> [/usr/lib64]
  collapse library dir [/lib/../lib64] ==> [/lib64]
  collapse library dir [/usr/lib/../lib64] ==> [/usr/lib64]
  collapse library dir [/home/maniageo/tools/spack/opt/spack/linux-fedora33-skylake/clang-12.0.0/llvm-13.0.0-yva5rl5rycciimnkcjkiyfat7kqsl77t/bin/../lib] ==> [/home/maniageo/tools/spack/opt/spack/linux-fedora33-skylake/clang-12.0.0/llvm-13.0.0-yva5rl5rycciimnkcjkiyfat7kqsl77t/lib]
  collapse library dir [/lib] ==> [/lib]
  collapse library dir [/usr/lib] ==> [/usr/lib]
  implicit libs: [gcc;gcc_s;c;gcc;gcc_s]
  implicit objs: [/usr/lib64/crt1.o;/usr/lib64/crti.o;/usr/lib/gcc/x86_64-redhat-linux/11/crtbegin.o;/usr/lib/gcc/x86_64-redhat-linux/11/crtend.o;/usr/lib64/crtn.o]
  implicit dirs: [/usr/lib/gcc/x86_64-redhat-linux/11;/usr/lib64;/lib64;/home/maniageo/tools/spack/opt/spack/linux-fedora33-skylake/clang-12.0.0/llvm-13.0.0-yva5rl5rycciimnkcjkiyfat7kqsl77t/lib;/lib;/usr/lib]
  implicit fwks: []


Detecting CXX compiler ABI info compiled with the following output:
Change Dir: /home/maniageo/dev/phd/examples/vecpar/cmake-build-debug/CMakeFiles/CMakeTmp

Run Build Command(s):/home/maniageo/tools/clion-2021.1.1/bin/ninja/linux/ninja cmTC_f7f23 && [1/2] Building CXX object CMakeFiles/cmTC_f7f23.dir/CMakeCXXCompilerABI.cpp.o
clang version 13.0.0 (https://github.com/georgi-mania/spack.git 6c4f891b8f77787c65a1a921c60d825860bb7d30)
Target: x86_64-unknown-linux-gnu
Thread model: posix
InstalledDir: /home/maniageo/tools/spack/opt/spack/linux-fedora33-skylake/clang-12.0.0/llvm-13.0.0-yva5rl5rycciimnkcjkiyfat7kqsl77t/bin
Found candidate GCC installation: /usr/lib/gcc/x86_64-redhat-linux/11
Selected GCC installation: /usr/lib/gcc/x86_64-redhat-linux/11
Candidate multilib: .;@m64
Candidate multilib: 32;@m32
Selected multilib: .;@m64
Found CUDA installation: /usr/local/cuda-11.6, version 11.2
 (in-process)
 "/home/maniageo/tools/spack/opt/spack/linux-fedora33-skylake/clang-12.0.0/llvm-13.0.0-yva5rl5rycciimnkcjkiyfat7kqsl77t/bin/clang-13" -cc1 -triple x86_64-unknown-linux-gnu -emit-obj -mrelax-all --mrelax-relocations -disable-free -disable-llvm-verifier -discard-value-names -main-file-name CMakeCXXCompilerABI.cpp -mrelocation-model static -mframe-pointer=all -fmath-errno -fno-rounding-math -mconstructor-aliases -munwind-tables -target-cpu x86-64 -tune-cpu generic -debugger-tuning=gdb -v -fcoverage-compilation-dir=/home/maniageo/dev/phd/examples/vecpar/cmake-build-debug/CMakeFiles/CMakeTmp -resource-dir /home/maniageo/tools/spack/opt/spack/linux-fedora33-skylake/clang-12.0.0/llvm-13.0.0-yva5rl5rycciimnkcjkiyfat7kqsl77t/lib/clang/13.0.0 -dependency-file CMakeFiles/cmTC_f7f23.dir/CMakeCXXCompilerABI.cpp.o.d -MT CMakeFiles/cmTC_f7f23.dir/CMakeCXXCompilerABI.cpp.o -sys-header-deps -internal-isystem /usr/lib/gcc/x86_64-redhat-linux/11/../../../../include/c++/11 -internal-isystem /usr/lib/gcc/x86_64-redhat-linux/11/../../../../include/c++/11/x86_64-redhat-linux -internal-isystem /usr/lib/gcc/x86_64-redhat-linux/11/../../../../include/c++/11/backward -internal-isystem /home/maniageo/tools/spack/opt/spack/linux-fedora33-skylake/clang-12.0.0/llvm-13.0.0-yva5rl5rycciimnkcjkiyfat7kqsl77t/lib/clang/13.0.0/include -internal-isystem /usr/local/include -internal-isystem /usr/lib/gcc/x86_64-redhat-linux/11/../../../../x86_64-redhat-linux/include -internal-externc-isystem /include -internal-externc-isystem /usr/include -fdeprecated-macro -fdebug-compilation-dir=/home/maniageo/dev/phd/examples/vecpar/cmake-build-debug/CMakeFiles/CMakeTmp -ferror-limit 19 -fgnuc-version=4.2.1 -fcxx-exceptions -fexceptions -faddrsig -D__GCC_HAVE_DWARF2_CFI_ASM=1 -o CMakeFiles/cmTC_f7f23.dir/CMakeCXXCompilerABI.cpp.o -x c++ /home/maniageo/tools/clion-2021.1.1/bin/cmake/linux/share/cmake-3.21/Modules/CMakeCXXCompilerABI.cpp
clang -cc1 version 13.0.0 based upon LLVM 13.0.0 default target x86_64-unknown-linux-gnu
ignoring nonexistent directory "/usr/lib/gcc/x86_64-redhat-linux/11/../../../../x86_64-redhat-linux/include"
ignoring nonexistent directory "/include"
#include "..." search starts here:
#include <...> search starts here:
 /usr/lib/gcc/x86_64-redhat-linux/11/../../../../include/c++/11
 /usr/lib/gcc/x86_64-redhat-linux/11/../../../../include/c++/11/x86_64-redhat-linux
 /usr/lib/gcc/x86_64-redhat-linux/11/../../../../include/c++/11/backward
 /home/maniageo/tools/spack/opt/spack/linux-fedora33-skylake/clang-12.0.0/llvm-13.0.0-yva5rl5rycciimnkcjkiyfat7kqsl77t/lib/clang/13.0.0/include
 /usr/local/include
 /usr/include
End of search list.
[2/2] Linking CXX executable cmTC_f7f23
clang version 13.0.0 (https://github.com/georgi-mania/spack.git 6c4f891b8f77787c65a1a921c60d825860bb7d30)
Target: x86_64-unknown-linux-gnu
Thread model: posix
InstalledDir: /home/maniageo/tools/spack/opt/spack/linux-fedora33-skylake/clang-12.0.0/llvm-13.0.0-yva5rl5rycciimnkcjkiyfat7kqsl77t/bin
Found candidate GCC installation: /usr/lib/gcc/x86_64-redhat-linux/11
Selected GCC installation: /usr/lib/gcc/x86_64-redhat-linux/11
Candidate multilib: .;@m64
Candidate multilib: 32;@m32
Selected multilib: .;@m64
Found CUDA installation: /usr/local/cuda-11.6, version 11.2
 "/usr/bin/ld" --hash-style=gnu --eh-frame-hdr -m elf_x86_64 -dynamic-linker /lib64/ld-linux-x86-64.so.2 -o cmTC_f7f23 /usr/lib/gcc/x86_64-redhat-linux/11/../../../../lib64/crt1.o /usr/lib/gcc/x86_64-redhat-linux/11/../../../../lib64/crti.o /usr/lib/gcc/x86_64-redhat-linux/11/crtbegin.o -L/usr/lib/gcc/x86_64-redhat-linux/11 -L/usr/lib/gcc/x86_64-redhat-linux/11/../../../../lib64 -L/lib/../lib64 -L/usr/lib/../lib64 -L/home/maniageo/tools/spack/opt/spack/linux-fedora33-skylake/clang-12.0.0/llvm-13.0.0-yva5rl5rycciimnkcjkiyfat7kqsl77t/bin/../lib -L/lib -L/usr/lib CMakeFiles/cmTC_f7f23.dir/CMakeCXXCompilerABI.cpp.o -lstdc++ -lm -lgcc_s -lgcc -lc -lgcc_s -lgcc /usr/lib/gcc/x86_64-redhat-linux/11/crtend.o /usr/lib/gcc/x86_64-redhat-linux/11/../../../../lib64/crtn.o



Parsed CXX implicit include dir info from above output: rv=done
  found start of include info
  found start of implicit include info
    add: [/usr/lib/gcc/x86_64-redhat-linux/11/../../../../include/c++/11]
    add: [/usr/lib/gcc/x86_64-redhat-linux/11/../../../../include/c++/11/x86_64-redhat-linux]
    add: [/usr/lib/gcc/x86_64-redhat-linux/11/../../../../include/c++/11/backward]
    add: [/home/maniageo/tools/spack/opt/spack/linux-fedora33-skylake/clang-12.0.0/llvm-13.0.0-yva5rl5rycciimnkcjkiyfat7kqsl77t/lib/clang/13.0.0/include]
    add: [/usr/local/include]
    add: [/usr/include]
  end of search list found
  collapse include dir [/usr/lib/gcc/x86_64-redhat-linux/11/../../../../include/c++/11] ==> [/usr/include/c++/11]
  collapse include dir [/usr/lib/gcc/x86_64-redhat-linux/11/../../../../include/c++/11/x86_64-redhat-linux] ==> [/usr/include/c++/11/x86_64-redhat-linux]
  collapse include dir [/usr/lib/gcc/x86_64-redhat-linux/11/../../../../include/c++/11/backward] ==> [/usr/include/c++/11/backward]
  collapse include dir [/home/maniageo/tools/spack/opt/spack/linux-fedora33-skylake/clang-12.0.0/llvm-13.0.0-yva5rl5rycciimnkcjkiyfat7kqsl77t/lib/clang/13.0.0/include] ==> [/home/maniageo/tools/spack/opt/spack/linux-fedora33-skylake/clang-12.0.0/llvm-13.0.0-yva5rl5rycciimnkcjkiyfat7kqsl77t/lib/clang/13.0.0/include]
  collapse include dir [/usr/local/include] ==> [/usr/local/include]
  collapse include dir [/usr/include] ==> [/usr/include]
  implicit include dirs: [/usr/include/c++/11;/usr/include/c++/11/x86_64-redhat-linux;/usr/include/c++/11/backward;/home/maniageo/tools/spack/opt/spack/linux-fedora33-skylake/clang-12.0.0/llvm-13.0.0-yva5rl5rycciimnkcjkiyfat7kqsl77t/lib/clang/13.0.0/include;/usr/local/include;/usr/include]


Parsed CXX implicit link information from above output:
  link line regex: [^( *|.*[/\])(ld\.lld|CMAKE_LINK_STARTFILE-NOTFOUND|([^/\]+-)?ld|collect2)[^/\]*( |$)]
  ignore line: [Change Dir: /home/maniageo/dev/phd/examples/vecpar/cmake-build-debug/CMakeFiles/CMakeTmp]
  ignore line: []
  ignore line: [Run Build Command(s):/home/maniageo/tools/clion-2021.1.1/bin/ninja/linux/ninja cmTC_f7f23 && [1/2] Building CXX object CMakeFiles/cmTC_f7f23.dir/CMakeCXXCompilerABI.cpp.o]
  ignore line: [clang version 13.0.0 (https://github.com/georgi-mania/spack.git 6c4f891b8f77787c65a1a921c60d825860bb7d30)]
  ignore line: [Target: x86_64-unknown-linux-gnu]
  ignore line: [Thread model: posix]
  ignore line: [InstalledDir: /home/maniageo/tools/spack/opt/spack/linux-fedora33-skylake/clang-12.0.0/llvm-13.0.0-yva5rl5rycciimnkcjkiyfat7kqsl77t/bin]
  ignore line: [Found candidate GCC installation: /usr/lib/gcc/x86_64-redhat-linux/11]
  ignore line: [Selected GCC installation: /usr/lib/gcc/x86_64-redhat-linux/11]
  ignore line: [Candidate multilib: .]
  ignore line: [@m64]
  ignore line: [Candidate multilib: 32]
  ignore line: [@m32]
  ignore line: [Selected multilib: .]
  ignore line: [@m64]
  ignore line: [Found CUDA installation: /usr/local/cuda-11.6  version 11.2]
  ignore line: [ (in-process)]
  ignore line: [ "/home/maniageo/tools/spack/opt/spack/linux-fedora33-skylake/clang-12.0.0/llvm-13.0.0-yva5rl5rycciimnkcjkiyfat7kqsl77t/bin/clang-13" -cc1 -triple x86_64-unknown-linux-gnu -emit-obj -mrelax-all --mrelax-relocations -disable-free -disable-llvm-verifier -discard-value-names -main-file-name CMakeCXXCompilerABI.cpp -mrelocation-model static -mframe-pointer=all -fmath-errno -fno-rounding-math -mconstructor-aliases -munwind-tables -target-cpu x86-64 -tune-cpu generic -debugger-tuning=gdb -v -fcoverage-compilation-dir=/home/maniageo/dev/phd/examples/vecpar/cmake-build-debug/CMakeFiles/CMakeTmp -resource-dir /home/maniageo/tools/spack/opt/spack/linux-fedora33-skylake/clang-12.0.0/llvm-13.0.0-yva5rl5rycciimnkcjkiyfat7kqsl77t/lib/clang/13.0.0 -dependency-file CMakeFiles/cmTC_f7f23.dir/CMakeCXXCompilerABI.cpp.o.d -MT CMakeFiles/cmTC_f7f23.dir/CMakeCXXCompilerABI.cpp.o -sys-header-deps -internal-isystem /usr/lib/gcc/x86_64-redhat-linux/11/../../../../include/c++/11 -internal-isystem /usr/lib/gcc/x86_64-redhat-linux/11/../../../../include/c++/11/x86_64-redhat-linux -internal-isystem /usr/lib/gcc/x86_64-redhat-linux/11/../../../../include/c++/11/backward -internal-isystem /home/maniageo/tools/spack/opt/spack/linux-fedora33-skylake/clang-12.0.0/llvm-13.0.0-yva5rl5rycciimnkcjkiyfat7kqsl77t/lib/clang/13.0.0/include -internal-isystem /usr/local/include -internal-isystem /usr/lib/gcc/x86_64-redhat-linux/11/../../../../x86_64-redhat-linux/include -internal-externc-isystem /include -internal-externc-isystem /usr/include -fdeprecated-macro -fdebug-compilation-dir=/home/maniageo/dev/phd/examples/vecpar/cmake-build-debug/CMakeFiles/CMakeTmp -ferror-limit 19 -fgnuc-version=4.2.1 -fcxx-exceptions -fexceptions -faddrsig -D__GCC_HAVE_DWARF2_CFI_ASM=1 -o CMakeFiles/cmTC_f7f23.dir/CMakeCXXCompilerABI.cpp.o -x c++ /home/maniageo/tools/clion-2021.1.1/bin/cmake/linux/share/cmake-3.21/Modules/CMakeCXXCompilerABI.cpp]
  ignore line: [clang -cc1 version 13.0.0 based upon LLVM 13.0.0 default target x86_64-unknown-linux-gnu]
  ignore line: [ignoring nonexistent directory "/usr/lib/gcc/x86_64-redhat-linux/11/../../../../x86_64-redhat-linux/include"]
  ignore line: [ignoring nonexistent directory "/include"]
  ignore line: [#include "..." search starts here:]
  ignore line: [#include <...> search starts here:]
  ignore line: [ /usr/lib/gcc/x86_64-redhat-linux/11/../../../../include/c++/11]
  ignore line: [ /usr/lib/gcc/x86_64-redhat-linux/11/../../../../include/c++/11/x86_64-redhat-linux]
  ignore line: [ /usr/lib/gcc/x86_64-redhat-linux/11/../../../../include/c++/11/backward]
  ignore line: [ /home/maniageo/tools/spack/opt/spack/linux-fedora33-skylake/clang-12.0.0/llvm-13.0.0-yva5rl5rycciimnkcjkiyfat7kqsl77t/lib/clang/13.0.0/include]
  ignore line: [ /usr/local/include]
  ignore line: [ /usr/include]
  ignore line: [End of search list.]
  ignore line: [[2/2] Linking CXX executable cmTC_f7f23]
  ignore line: [clang version 13.0.0 (https://github.com/georgi-mania/spack.git 6c4f891b8f77787c65a1a921c60d825860bb7d30)]
  ignore line: [Target: x86_64-unknown-linux-gnu]
  ignore line: [Thread model: posix]
  ignore line: [InstalledDir: /home/maniageo/tools/spack/opt/spack/linux-fedora33-skylake/clang-12.0.0/llvm-13.0.0-yva5rl5rycciimnkcjkiyfat7kqsl77t/bin]
  ignore line: [Found candidate GCC installation: /usr/lib/gcc/x86_64-redhat-linux/11]
  ignore line: [Selected GCC installation: /usr/lib/gcc/x86_64-redhat-linux/11]
  ignore line: [Candidate multilib: .]
  ignore line: [@m64]
  ignore line: [Candidate multilib: 32]
  ignore line: [@m32]
  ignore line: [Selected multilib: .]
  ignore line: [@m64]
  ignore line: [Found CUDA installation: /usr/local/cuda-11.6  version 11.2]
  link line: [ "/usr/bin/ld" --hash-style=gnu --eh-frame-hdr -m elf_x86_64 -dynamic-linker /lib64/ld-linux-x86-64.so.2 -o cmTC_f7f23 /usr/lib/gcc/x86_64-redhat-linux/11/../../../../lib64/crt1.o /usr/lib/gcc/x86_64-redhat-linux/11/../../../../lib64/crti.o /usr/lib/gcc/x86_64-redhat-linux/11/crtbegin.o -L/usr/lib/gcc/x86_64-redhat-linux/11 -L/usr/lib/gcc/x86_64-redhat-linux/11/../../../../lib64 -L/lib/../lib64 -L/usr/lib/../lib64 -L/home/maniageo/tools/spack/opt/spack/linux-fedora33-skylake/clang-12.0.0/llvm-13.0.0-yva5rl5rycciimnkcjkiyfat7kqsl77t/bin/../lib -L/lib -L/usr/lib CMakeFiles/cmTC_f7f23.dir/CMakeCXXCompilerABI.cpp.o -lstdc++ -lm -lgcc_s -lgcc -lc -lgcc_s -lgcc /usr/lib/gcc/x86_64-redhat-linux/11/crtend.o /usr/lib/gcc/x86_64-redhat-linux/11/../../../../lib64/crtn.o]
    arg [/usr/bin/ld] ==> ignore
    arg [--hash-style=gnu] ==> ignore
    arg [--eh-frame-hdr] ==> ignore
    arg [-m] ==> ignore
    arg [elf_x86_64] ==> ignore
    arg [-dynamic-linker] ==> ignore
    arg [/lib64/ld-linux-x86-64.so.2] ==> ignore
    arg [-o] ==> ignore
    arg [cmTC_f7f23] ==> ignore
    arg [/usr/lib/gcc/x86_64-redhat-linux/11/../../../../lib64/crt1.o] ==> obj [/usr/lib/gcc/x86_64-redhat-linux/11/../../../../lib64/crt1.o]
    arg [/usr/lib/gcc/x86_64-redhat-linux/11/../../../../lib64/crti.o] ==> obj [/usr/lib/gcc/x86_64-redhat-linux/11/../../../../lib64/crti.o]
    arg [/usr/lib/gcc/x86_64-redhat-linux/11/crtbegin.o] ==> obj [/usr/lib/gcc/x86_64-redhat-linux/11/crtbegin.o]
    arg [-L/usr/lib/gcc/x86_64-redhat-linux/11] ==> dir [/usr/lib/gcc/x86_64-redhat-linux/11]
    arg [-L/usr/lib/gcc/x86_64-redhat-linux/11/../../../../lib64] ==> dir [/usr/lib/gcc/x86_64-redhat-linux/11/../../../../lib64]
    arg [-L/lib/../lib64] ==> dir [/lib/../lib64]
    arg [-L/usr/lib/../lib64] ==> dir [/usr/lib/../lib64]
    arg [-L/home/maniageo/tools/spack/opt/spack/linux-fedora33-skylake/clang-12.0.0/llvm-13.0.0-yva5rl5rycciimnkcjkiyfat7kqsl77t/bin/../lib] ==> dir [/home/maniageo/tools/spack/opt/spack/linux-fedora33-skylake/clang-12.0.0/llvm-13.0.0-yva5rl5rycciimnkcjkiyfat7kqsl77t/bin/../lib]
    arg [-L/lib] ==> dir [/lib]
    arg [-L/usr/lib] ==> dir [/usr/lib]
    arg [CMakeFiles/cmTC_f7f23.dir/CMakeCXXCompilerABI.cpp.o] ==> ignore
    arg [-lstdc++] ==> lib [stdc++]
    arg [-lm] ==> lib [m]
    arg [-lgcc_s] ==> lib [gcc_s]
    arg [-lgcc] ==> lib [gcc]
    arg [-lc] ==> lib [c]
    arg [-lgcc_s] ==> lib [gcc_s]
    arg [-lgcc] ==> lib [gcc]
    arg [/usr/lib/gcc/x86_64-redhat-linux/11/crtend.o] ==> obj [/usr/lib/gcc/x86_64-redhat-linux/11/crtend.o]
    arg [/usr/lib/gcc/x86_64-redhat-linux/11/../../../../lib64/crtn.o] ==> obj [/usr/lib/gcc/x86_64-redhat-linux/11/../../../../lib64/crtn.o]
  collapse obj [/usr/lib/gcc/x86_64-redhat-linux/11/../../../../lib64/crt1.o] ==> [/usr/lib64/crt1.o]
  collapse obj [/usr/lib/gcc/x86_64-redhat-linux/11/../../../../lib64/crti.o] ==> [/usr/lib64/crti.o]
  collapse obj [/usr/lib/gcc/x86_64-redhat-linux/11/../../../../lib64/crtn.o] ==> [/usr/lib64/crtn.o]
  collapse library dir [/usr/lib/gcc/x86_64-redhat-linux/11] ==> [/usr/lib/gcc/x86_64-redhat-linux/11]
  collapse library dir [/usr/lib/gcc/x86_64-redhat-linux/11/../../../../lib64] ==> [/usr/lib64]
  collapse library dir [/lib/../lib64] ==> [/lib64]
  collapse library dir [/usr/lib/../lib64] ==> [/usr/lib64]
  collapse library dir [/home/maniageo/tools/spack/opt/spack/linux-fedora33-skylake/clang-12.0.0/llvm-13.0.0-yva5rl5rycciimnkcjkiyfat7kqsl77t/bin/../lib] ==> [/home/maniageo/tools/spack/opt/spack/linux-fedora33-skylake/clang-12.0.0/llvm-13.0.0-yva5rl5rycciimnkcjkiyfat7kqsl77t/lib]
  collapse library dir [/lib] ==> [/lib]
  collapse library dir [/usr/lib] ==> [/usr/lib]
  implicit libs: [stdc++;m;gcc_s;gcc;c;gcc_s;gcc]
  implicit objs: [/usr/lib64/crt1.o;/usr/lib64/crti.o;/usr/lib/gcc/x86_64-redhat-linux/11/crtbegin.o;/usr/lib/gcc/x86_64-redhat-linux/11/crtend.o;/usr/lib64/crtn.o]
  implicit dirs: [/usr/lib/gcc/x86_64-redhat-linux/11;/usr/lib64;/lib64;/home/maniageo/tools/spack/opt/spack/linux-fedora33-skylake/clang-12.0.0/llvm-13.0.0-yva5rl5rycciimnkcjkiyfat7kqsl77t/lib;/lib;/usr/lib]
  implicit fwks: []


Detecting C OpenMP compiler ABI info compiled with the following output:
Change Dir: /home/maniageo/dev/phd/examples/vecpar/cmake-build-debug/CMakeFiles/CMakeTmp

Run Build Command(s):/home/maniageo/tools/clion-2021.1.1/bin/ninja/linux/ninja cmTC_59fb2 && [1/2] Building C object CMakeFiles/cmTC_59fb2.dir/OpenMPTryFlag.c.o
clang version 13.0.0 (https://github.com/georgi-mania/spack.git 6c4f891b8f77787c65a1a921c60d825860bb7d30)
Target: x86_64-unknown-linux-gnu
Thread model: posix
InstalledDir: /home/maniageo/tools/spack/opt/spack/linux-fedora33-skylake/clang-12.0.0/llvm-13.0.0-yva5rl5rycciimnkcjkiyfat7kqsl77t/bin
Found candidate GCC installation: /usr/lib/gcc/x86_64-redhat-linux/11
Selected GCC installation: /usr/lib/gcc/x86_64-redhat-linux/11
Candidate multilib: .;@m64
Candidate multilib: 32;@m32
Selected multilib: .;@m64
Found CUDA installation: /usr/local/cuda-11.6, version 11.2
 (in-process)
 "/home/maniageo/tools/spack/opt/spack/linux-fedora33-skylake/clang-12.0.0/llvm-13.0.0-yva5rl5rycciimnkcjkiyfat7kqsl77t/bin/clang-13" -cc1 -triple x86_64-unknown-linux-gnu -emit-obj -mrelax-all --mrelax-relocations -disable-free -disable-llvm-verifier -discard-value-names -main-file-name OpenMPTryFlag.c -mrelocation-model static -mframe-pointer=all -fmath-errno -fno-rounding-math -mconstructor-aliases -munwind-tables -target-cpu x86-64 -tune-cpu generic -debugger-tuning=gdb -v -fcoverage-compilation-dir=/home/maniageo/dev/phd/examples/vecpar/cmake-build-debug/CMakeFiles/CMakeTmp -resource-dir /home/maniageo/tools/spack/opt/spack/linux-fedora33-skylake/clang-12.0.0/llvm-13.0.0-yva5rl5rycciimnkcjkiyfat7kqsl77t/lib/clang/13.0.0 -dependency-file CMakeFiles/cmTC_59fb2.dir/OpenMPTryFlag.c.o.d -MT CMakeFiles/cmTC_59fb2.dir/OpenMPTryFlag.c.o -sys-header-deps -internal-isystem /home/maniageo/tools/spack/opt/spack/linux-fedora33-skylake/clang-12.0.0/llvm-13.0.0-yva5rl5rycciimnkcjkiyfat7kqsl77t/lib/clang/13.0.0/include -internal-isystem /usr/local/include -internal-isystem /usr/lib/gcc/x86_64-redhat-linux/11/../../../../x86_64-redhat-linux/include -internal-externc-isystem /include -internal-externc-isystem /usr/include -fdebug-compilation-dir=/home/maniageo/dev/phd/examples/vecpar/cmake-build-debug/CMakeFiles/CMakeTmp -ferror-limit 19 -fopenmp -fgnuc-version=4.2.1 -faddrsig -D__GCC_HAVE_DWARF2_CFI_ASM=1 -o CMakeFiles/cmTC_59fb2.dir/OpenMPTryFlag.c.o -x c /home/maniageo/dev/phd/examples/vecpar/cmake-build-debug/CMakeFiles/FindOpenMP/OpenMPTryFlag.c
clang -cc1 version 13.0.0 based upon LLVM 13.0.0 default target x86_64-unknown-linux-gnu
ignoring nonexistent directory "/usr/lib/gcc/x86_64-redhat-linux/11/../../../../x86_64-redhat-linux/include"
ignoring nonexistent directory "/include"
#include "..." search starts here:
#include <...> search starts here:
 /home/maniageo/tools/spack/opt/spack/linux-fedora33-skylake/clang-12.0.0/llvm-13.0.0-yva5rl5rycciimnkcjkiyfat7kqsl77t/lib/clang/13.0.0/include
 /usr/local/include
 /usr/include
End of search list.
[2/2] Linking C executable cmTC_59fb2
clang version 13.0.0 (https://github.com/georgi-mania/spack.git 6c4f891b8f77787c65a1a921c60d825860bb7d30)
Target: x86_64-unknown-linux-gnu
Thread model: posix
InstalledDir: /home/maniageo/tools/spack/opt/spack/linux-fedora33-skylake/clang-12.0.0/llvm-13.0.0-yva5rl5rycciimnkcjkiyfat7kqsl77t/bin
Found candidate GCC installation: /usr/lib/gcc/x86_64-redhat-linux/11
Selected GCC installation: /usr/lib/gcc/x86_64-redhat-linux/11
Candidate multilib: .;@m64
Candidate multilib: 32;@m32
Selected multilib: .;@m64
Found CUDA installation: /usr/local/cuda-11.6, version 11.2
 "/usr/bin/ld" --hash-style=gnu --eh-frame-hdr -m elf_x86_64 -dynamic-linker /lib64/ld-linux-x86-64.so.2 -o cmTC_59fb2 /usr/lib/gcc/x86_64-redhat-linux/11/../../../../lib64/crt1.o /usr/lib/gcc/x86_64-redhat-linux/11/../../../../lib64/crti.o /usr/lib/gcc/x86_64-redhat-linux/11/crtbegin.o -L/usr/lib/gcc/x86_64-redhat-linux/11 -L/usr/lib/gcc/x86_64-redhat-linux/11/../../../../lib64 -L/lib/../lib64 -L/usr/lib/../lib64 -L/home/maniageo/tools/spack/opt/spack/linux-fedora33-skylake/clang-12.0.0/llvm-13.0.0-yva5rl5rycciimnkcjkiyfat7kqsl77t/bin/../lib -L/lib -L/usr/lib CMakeFiles/cmTC_59fb2.dir/OpenMPTryFlag.c.o -lomp -lgcc --as-needed -lgcc_s --no-as-needed -lpthread -lc -lgcc --as-needed -lgcc_s --no-as-needed /usr/lib/gcc/x86_64-redhat-linux/11/crtend.o /usr/lib/gcc/x86_64-redhat-linux/11/../../../../lib64/crtn.o



Parsed C OpenMP implicit link information from above output:
  link line regex: [^( *|.*[/\])(ld\.lld|CMAKE_LINK_STARTFILE-NOTFOUND|([^/\]+-)?ld|collect2)[^/\]*( |$)]
  ignore line: [Change Dir: /home/maniageo/dev/phd/examples/vecpar/cmake-build-debug/CMakeFiles/CMakeTmp]
  ignore line: []
  ignore line: [Run Build Command(s):/home/maniageo/tools/clion-2021.1.1/bin/ninja/linux/ninja cmTC_59fb2 && [1/2] Building C object CMakeFiles/cmTC_59fb2.dir/OpenMPTryFlag.c.o]
  ignore line: [clang version 13.0.0 (https://github.com/georgi-mania/spack.git 6c4f891b8f77787c65a1a921c60d825860bb7d30)]
  ignore line: [Target: x86_64-unknown-linux-gnu]
  ignore line: [Thread model: posix]
  ignore line: [InstalledDir: /home/maniageo/tools/spack/opt/spack/linux-fedora33-skylake/clang-12.0.0/llvm-13.0.0-yva5rl5rycciimnkcjkiyfat7kqsl77t/bin]
  ignore line: [Found candidate GCC installation: /usr/lib/gcc/x86_64-redhat-linux/11]
  ignore line: [Selected GCC installation: /usr/lib/gcc/x86_64-redhat-linux/11]
  ignore line: [Candidate multilib: .]
  ignore line: [@m64]
  ignore line: [Candidate multilib: 32]
  ignore line: [@m32]
  ignore line: [Selected multilib: .]
  ignore line: [@m64]
  ignore line: [Found CUDA installation: /usr/local/cuda-11.6  version 11.2]
  ignore line: [ (in-process)]
  ignore line: [ "/home/maniageo/tools/spack/opt/spack/linux-fedora33-skylake/clang-12.0.0/llvm-13.0.0-yva5rl5rycciimnkcjkiyfat7kqsl77t/bin/clang-13" -cc1 -triple x86_64-unknown-linux-gnu -emit-obj -mrelax-all --mrelax-relocations -disable-free -disable-llvm-verifier -discard-value-names -main-file-name OpenMPTryFlag.c -mrelocation-model static -mframe-pointer=all -fmath-errno -fno-rounding-math -mconstructor-aliases -munwind-tables -target-cpu x86-64 -tune-cpu generic -debugger-tuning=gdb -v -fcoverage-compilation-dir=/home/maniageo/dev/phd/examples/vecpar/cmake-build-debug/CMakeFiles/CMakeTmp -resource-dir /home/maniageo/tools/spack/opt/spack/linux-fedora33-skylake/clang-12.0.0/llvm-13.0.0-yva5rl5rycciimnkcjkiyfat7kqsl77t/lib/clang/13.0.0 -dependency-file CMakeFiles/cmTC_59fb2.dir/OpenMPTryFlag.c.o.d -MT CMakeFiles/cmTC_59fb2.dir/OpenMPTryFlag.c.o -sys-header-deps -internal-isystem /home/maniageo/tools/spack/opt/spack/linux-fedora33-skylake/clang-12.0.0/llvm-13.0.0-yva5rl5rycciimnkcjkiyfat7kqsl77t/lib/clang/13.0.0/include -internal-isystem /usr/local/include -internal-isystem /usr/lib/gcc/x86_64-redhat-linux/11/../../../../x86_64-redhat-linux/include -internal-externc-isystem /include -internal-externc-isystem /usr/include -fdebug-compilation-dir=/home/maniageo/dev/phd/examples/vecpar/cmake-build-debug/CMakeFiles/CMakeTmp -ferror-limit 19 -fopenmp -fgnuc-version=4.2.1 -faddrsig -D__GCC_HAVE_DWARF2_CFI_ASM=1 -o CMakeFiles/cmTC_59fb2.dir/OpenMPTryFlag.c.o -x c /home/maniageo/dev/phd/examples/vecpar/cmake-build-debug/CMakeFiles/FindOpenMP/OpenMPTryFlag.c]
  ignore line: [clang -cc1 version 13.0.0 based upon LLVM 13.0.0 default target x86_64-unknown-linux-gnu]
  ignore line: [ignoring nonexistent directory "/usr/lib/gcc/x86_64-redhat-linux/11/../../../../x86_64-redhat-linux/include"]
  ignore line: [ignoring nonexistent directory "/include"]
  ignore line: [#include "..." search starts here:]
  ignore line: [#include <...> search starts here:]
  ignore line: [ /home/maniageo/tools/spack/opt/spack/linux-fedora33-skylake/clang-12.0.0/llvm-13.0.0-yva5rl5rycciimnkcjkiyfat7kqsl77t/lib/clang/13.0.0/include]
  ignore line: [ /usr/local/include]
  ignore line: [ /usr/include]
  ignore line: [End of search list.]
  ignore line: [[2/2] Linking C executable cmTC_59fb2]
  ignore line: [clang version 13.0.0 (https://github.com/georgi-mania/spack.git 6c4f891b8f77787c65a1a921c60d825860bb7d30)]
  ignore line: [Target: x86_64-unknown-linux-gnu]
  ignore line: [Thread model: posix]
  ignore line: [InstalledDir: /home/maniageo/tools/spack/opt/spack/linux-fedora33-skylake/clang-12.0.0/llvm-13.0.0-yva5rl5rycciimnkcjkiyfat7kqsl77t/bin]
  ignore line: [Found candidate GCC installation: /usr/lib/gcc/x86_64-redhat-linux/11]
  ignore line: [Selected GCC installation: /usr/lib/gcc/x86_64-redhat-linux/11]
  ignore line: [Candidate multilib: .]
  ignore line: [@m64]
  ignore line: [Candidate multilib: 32]
  ignore line: [@m32]
  ignore line: [Selected multilib: .]
  ignore line: [@m64]
  ignore line: [Found CUDA installation: /usr/local/cuda-11.6  version 11.2]
  link line: [ "/usr/bin/ld" --hash-style=gnu --eh-frame-hdr -m elf_x86_64 -dynamic-linker /lib64/ld-linux-x86-64.so.2 -o cmTC_59fb2 /usr/lib/gcc/x86_64-redhat-linux/11/../../../../lib64/crt1.o /usr/lib/gcc/x86_64-redhat-linux/11/../../../../lib64/crti.o /usr/lib/gcc/x86_64-redhat-linux/11/crtbegin.o -L/usr/lib/gcc/x86_64-redhat-linux/11 -L/usr/lib/gcc/x86_64-redhat-linux/11/../../../../lib64 -L/lib/../lib64 -L/usr/lib/../lib64 -L/home/maniageo/tools/spack/opt/spack/linux-fedora33-skylake/clang-12.0.0/llvm-13.0.0-yva5rl5rycciimnkcjkiyfat7kqsl77t/bin/../lib -L/lib -L/usr/lib CMakeFiles/cmTC_59fb2.dir/OpenMPTryFlag.c.o -lomp -lgcc --as-needed -lgcc_s --no-as-needed -lpthread -lc -lgcc --as-needed -lgcc_s --no-as-needed /usr/lib/gcc/x86_64-redhat-linux/11/crtend.o /usr/lib/gcc/x86_64-redhat-linux/11/../../../../lib64/crtn.o]
    arg [/usr/bin/ld] ==> ignore
    arg [--hash-style=gnu] ==> ignore
    arg [--eh-frame-hdr] ==> ignore
    arg [-m] ==> ignore
    arg [elf_x86_64] ==> ignore
    arg [-dynamic-linker] ==> ignore
    arg [/lib64/ld-linux-x86-64.so.2] ==> ignore
    arg [-o] ==> ignore
    arg [cmTC_59fb2] ==> ignore
    arg [-L/usr/lib/gcc/x86_64-redhat-linux/11] ==> dir [/usr/lib/gcc/x86_64-redhat-linux/11]
    arg [-L/usr/lib/gcc/x86_64-redhat-linux/11/../../../../lib64] ==> dir [/usr/lib/gcc/x86_64-redhat-linux/11/../../../../lib64]
    arg [-L/lib/../lib64] ==> dir [/lib/../lib64]
    arg [-L/usr/lib/../lib64] ==> dir [/usr/lib/../lib64]
    arg [-L/home/maniageo/tools/spack/opt/spack/linux-fedora33-skylake/clang-12.0.0/llvm-13.0.0-yva5rl5rycciimnkcjkiyfat7kqsl77t/bin/../lib] ==> dir [/home/maniageo/tools/spack/opt/spack/linux-fedora33-skylake/clang-12.0.0/llvm-13.0.0-yva5rl5rycciimnkcjkiyfat7kqsl77t/bin/../lib]
    arg [-L/lib] ==> dir [/lib]
    arg [-L/usr/lib] ==> dir [/usr/lib]
    arg [CMakeFiles/cmTC_59fb2.dir/OpenMPTryFlag.c.o] ==> ignore
    arg [-lomp] ==> lib [omp]
    arg [-lgcc] ==> lib [gcc]
    arg [--as-needed] ==> ignore
    arg [-lgcc_s] ==> lib [gcc_s]
    arg [--no-as-needed] ==> ignore
    arg [-lpthread] ==> lib [pthread]
    arg [-lc] ==> lib [c]
    arg [-lgcc] ==> lib [gcc]
    arg [--as-needed] ==> ignore
    arg [-lgcc_s] ==> lib [gcc_s]
    arg [--no-as-needed] ==> ignore
  collapse library dir [/usr/lib/gcc/x86_64-redhat-linux/11] ==> [/usr/lib/gcc/x86_64-redhat-linux/11]
  collapse library dir [/usr/lib/gcc/x86_64-redhat-linux/11/../../../../lib64] ==> [/usr/lib64]
  collapse library dir [/lib/../lib64] ==> [/lib64]
  collapse library dir [/usr/lib/../lib64] ==> [/usr/lib64]
  collapse library dir [/home/maniageo/tools/spack/opt/spack/linux-fedora33-skylake/clang-12.0.0/llvm-13.0.0-yva5rl5rycciimnkcjkiyfat7kqsl77t/bin/../lib] ==> [/home/maniageo/tools/spack/opt/spack/linux-fedora33-skylake/clang-12.0.0/llvm-13.0.0-yva5rl5rycciimnkcjkiyfat7kqsl77t/lib]
  collapse library dir [/lib] ==> [/lib]
  collapse library dir [/usr/lib] ==> [/usr/lib]
  implicit libs: [omp;gcc;gcc_s;pthread;c;gcc;gcc_s]
  implicit objs: []
  implicit dirs: [/usr/lib/gcc/x86_64-redhat-linux/11;/usr/lib64;/lib64;/home/maniageo/tools/spack/opt/spack/linux-fedora33-skylake/clang-12.0.0/llvm-13.0.0-yva5rl5rycciimnkcjkiyfat7kqsl77t/lib;/lib;/usr/lib]
  implicit fwks: []


Detecting CXX OpenMP compiler ABI info compiled with the following output:
Change Dir: /home/maniageo/dev/phd/examples/vecpar/cmake-build-debug/CMakeFiles/CMakeTmp

Run Build Command(s):/home/maniageo/tools/clion-2021.1.1/bin/ninja/linux/ninja cmTC_af4ef && [1/2] Building CXX object CMakeFiles/cmTC_af4ef.dir/OpenMPTryFlag.cpp.o
clang version 13.0.0 (https://github.com/georgi-mania/spack.git 6c4f891b8f77787c65a1a921c60d825860bb7d30)
Target: x86_64-unknown-linux-gnu
Thread model: posix
InstalledDir: /home/maniageo/tools/spack/opt/spack/linux-fedora33-skylake/clang-12.0.0/llvm-13.0.0-yva5rl5rycciimnkcjkiyfat7kqsl77t/bin
Found candidate GCC installation: /usr/lib/gcc/x86_64-redhat-linux/11
Selected GCC installation: /usr/lib/gcc/x86_64-redhat-linux/11
Candidate multilib: .;@m64
Candidate multilib: 32;@m32
Selected multilib: .;@m64
Found CUDA installation: /usr/local/cuda-11.6, version 11.2
 (in-process)
 "/home/maniageo/tools/spack/opt/spack/linux-fedora33-skylake/clang-12.0.0/llvm-13.0.0-yva5rl5rycciimnkcjkiyfat7kqsl77t/bin/clang-13" -cc1 -triple x86_64-unknown-linux-gnu -emit-obj -mrelax-all --mrelax-relocations -disable-free -disable-llvm-verifier -discard-value-names -main-file-name OpenMPTryFlag.cpp -mrelocation-model static -mframe-pointer=all -fmath-errno -fno-rounding-math -mconstructor-aliases -munwind-tables -target-cpu x86-64 -tune-cpu generic -debugger-tuning=gdb -v -fcoverage-compilation-dir=/home/maniageo/dev/phd/examples/vecpar/cmake-build-debug/CMakeFiles/CMakeTmp -resource-dir /home/maniageo/tools/spack/opt/spack/linux-fedora33-skylake/clang-12.0.0/llvm-13.0.0-yva5rl5rycciimnkcjkiyfat7kqsl77t/lib/clang/13.0.0 -dependency-file CMakeFiles/cmTC_af4ef.dir/OpenMPTryFlag.cpp.o.d -MT CMakeFiles/cmTC_af4ef.dir/OpenMPTryFlag.cpp.o -sys-header-deps -internal-isystem /usr/lib/gcc/x86_64-redhat-linux/11/../../../../include/c++/11 -internal-isystem /usr/lib/gcc/x86_64-redhat-linux/11/../../../../include/c++/11/x86_64-redhat-linux -internal-isystem /usr/lib/gcc/x86_64-redhat-linux/11/../../../../include/c++/11/backward -internal-isystem /home/maniageo/tools/spack/opt/spack/linux-fedora33-skylake/clang-12.0.0/llvm-13.0.0-yva5rl5rycciimnkcjkiyfat7kqsl77t/lib/clang/13.0.0/include -internal-isystem /usr/local/include -internal-isystem /usr/lib/gcc/x86_64-redhat-linux/11/../../../../x86_64-redhat-linux/include -internal-externc-isystem /include -internal-externc-isystem /usr/include -fdeprecated-macro -fdebug-compilation-dir=/home/maniageo/dev/phd/examples/vecpar/cmake-build-debug/CMakeFiles/CMakeTmp -ferror-limit 19 -fopenmp -fgnuc-version=4.2.1 -fcxx-exceptions -fexceptions -faddrsig -D__GCC_HAVE_DWARF2_CFI_ASM=1 -o CMakeFiles/cmTC_af4ef.dir/OpenMPTryFlag.cpp.o -x c++ /home/maniageo/dev/phd/examples/vecpar/cmake-build-debug/CMakeFiles/FindOpenMP/OpenMPTryFlag.cpp
clang -cc1 version 13.0.0 based upon LLVM 13.0.0 default target x86_64-unknown-linux-gnu
ignoring nonexistent directory "/usr/lib/gcc/x86_64-redhat-linux/11/../../../../x86_64-redhat-linux/include"
ignoring nonexistent directory "/include"
#include "..." search starts here:
#include <...> search starts here:
 /usr/lib/gcc/x86_64-redhat-linux/11/../../../../include/c++/11
 /usr/lib/gcc/x86_64-redhat-linux/11/../../../../include/c++/11/x86_64-redhat-linux
 /usr/lib/gcc/x86_64-redhat-linux/11/../../../../include/c++/11/backward
 /home/maniageo/tools/spack/opt/spack/linux-fedora33-skylake/clang-12.0.0/llvm-13.0.0-yva5rl5rycciimnkcjkiyfat7kqsl77t/lib/clang/13.0.0/include
 /usr/local/include
 /usr/include
End of search list.
[2/2] Linking CXX executable cmTC_af4ef
clang version 13.0.0 (https://github.com/georgi-mania/spack.git 6c4f891b8f77787c65a1a921c60d825860bb7d30)
Target: x86_64-unknown-linux-gnu
Thread model: posix
InstalledDir: /home/maniageo/tools/spack/opt/spack/linux-fedora33-skylake/clang-12.0.0/llvm-13.0.0-yva5rl5rycciimnkcjkiyfat7kqsl77t/bin
Found candidate GCC installation: /usr/lib/gcc/x86_64-redhat-linux/11
Selected GCC installation: /usr/lib/gcc/x86_64-redhat-linux/11
Candidate multilib: .;@m64
Candidate multilib: 32;@m32
Selected multilib: .;@m64
Found CUDA installation: /usr/local/cuda-11.6, version 11.2
 "/usr/bin/ld" --hash-style=gnu --eh-frame-hdr -m elf_x86_64 -dynamic-linker /lib64/ld-linux-x86-64.so.2 -o cmTC_af4ef /usr/lib/gcc/x86_64-redhat-linux/11/../../../../lib64/crt1.o /usr/lib/gcc/x86_64-redhat-linux/11/../../../../lib64/crti.o /usr/lib/gcc/x86_64-redhat-linux/11/crtbegin.o -L/usr/lib/gcc/x86_64-redhat-linux/11 -L/usr/lib/gcc/x86_64-redhat-linux/11/../../../../lib64 -L/lib/../lib64 -L/usr/lib/../lib64 -L/home/maniageo/tools/spack/opt/spack/linux-fedora33-skylake/clang-12.0.0/llvm-13.0.0-yva5rl5rycciimnkcjkiyfat7kqsl77t/bin/../lib -L/lib -L/usr/lib CMakeFiles/cmTC_af4ef.dir/OpenMPTryFlag.cpp.o -lstdc++ -lm -lomp -lgcc_s -lgcc -lpthread -lc -lgcc_s -lgcc /usr/lib/gcc/x86_64-redhat-linux/11/crtend.o /usr/lib/gcc/x86_64-redhat-linux/11/../../../../lib64/crtn.o



Parsed CXX OpenMP implicit link information from above output:
  link line regex: [^( *|.*[/\])(ld\.lld|CMAKE_LINK_STARTFILE-NOTFOUND|([^/\]+-)?ld|collect2)[^/\]*( |$)]
  ignore line: [Change Dir: /home/maniageo/dev/phd/examples/vecpar/cmake-build-debug/CMakeFiles/CMakeTmp]
  ignore line: []
  ignore line: [Run Build Command(s):/home/maniageo/tools/clion-2021.1.1/bin/ninja/linux/ninja cmTC_af4ef && [1/2] Building CXX object CMakeFiles/cmTC_af4ef.dir/OpenMPTryFlag.cpp.o]
  ignore line: [clang version 13.0.0 (https://github.com/georgi-mania/spack.git 6c4f891b8f77787c65a1a921c60d825860bb7d30)]
  ignore line: [Target: x86_64-unknown-linux-gnu]
  ignore line: [Thread model: posix]
  ignore line: [InstalledDir: /home/maniageo/tools/spack/opt/spack/linux-fedora33-skylake/clang-12.0.0/llvm-13.0.0-yva5rl5rycciimnkcjkiyfat7kqsl77t/bin]
  ignore line: [Found candidate GCC installation: /usr/lib/gcc/x86_64-redhat-linux/11]
  ignore line: [Selected GCC installation: /usr/lib/gcc/x86_64-redhat-linux/11]
  ignore line: [Candidate multilib: .]
  ignore line: [@m64]
  ignore line: [Candidate multilib: 32]
  ignore line: [@m32]
  ignore line: [Selected multilib: .]
  ignore line: [@m64]
  ignore line: [Found CUDA installation: /usr/local/cuda-11.6  version 11.2]
  ignore line: [ (in-process)]
  ignore line: [ "/home/maniageo/tools/spack/opt/spack/linux-fedora33-skylake/clang-12.0.0/llvm-13.0.0-yva5rl5rycciimnkcjkiyfat7kqsl77t/bin/clang-13" -cc1 -triple x86_64-unknown-linux-gnu -emit-obj -mrelax-all --mrelax-relocations -disable-free -disable-llvm-verifier -discard-value-names -main-file-name OpenMPTryFlag.cpp -mrelocation-model static -mframe-pointer=all -fmath-errno -fno-rounding-math -mconstructor-aliases -munwind-tables -target-cpu x86-64 -tune-cpu generic -debugger-tuning=gdb -v -fcoverage-compilation-dir=/home/maniageo/dev/phd/examples/vecpar/cmake-build-debug/CMakeFiles/CMakeTmp -resource-dir /home/maniageo/tools/spack/opt/spack/linux-fedora33-skylake/clang-12.0.0/llvm-13.0.0-yva5rl5rycciimnkcjkiyfat7kqsl77t/lib/clang/13.0.0 -dependency-file CMakeFiles/cmTC_af4ef.dir/OpenMPTryFlag.cpp.o.d -MT CMakeFiles/cmTC_af4ef.dir/OpenMPTryFlag.cpp.o -sys-header-deps -internal-isystem /usr/lib/gcc/x86_64-redhat-linux/11/../../../../include/c++/11 -internal-isystem /usr/lib/gcc/x86_64-redhat-linux/11/../../../../include/c++/11/x86_64-redhat-linux -internal-isystem /usr/lib/gcc/x86_64-redhat-linux/11/../../../../include/c++/11/backward -internal-isystem /home/maniageo/tools/spack/opt/spack/linux-fedora33-skylake/clang-12.0.0/llvm-13.0.0-yva5rl5rycciimnkcjkiyfat7kqsl77t/lib/clang/13.0.0/include -internal-isystem /usr/local/include -internal-isystem /usr/lib/gcc/x86_64-redhat-linux/11/../../../../x86_64-redhat-linux/include -internal-externc-isystem /include -internal-externc-isystem /usr/include -fdeprecated-macro -fdebug-compilation-dir=/home/maniageo/dev/phd/examples/vecpar/cmake-build-debug/CMakeFiles/CMakeTmp -ferror-limit 19 -fopenmp -fgnuc-version=4.2.1 -fcxx-exceptions -fexceptions -faddrsig -D__GCC_HAVE_DWARF2_CFI_ASM=1 -o CMakeFiles/cmTC_af4ef.dir/OpenMPTryFlag.cpp.o -x c++ /home/maniageo/dev/phd/examples/vecpar/cmake-build-debug/CMakeFiles/FindOpenMP/OpenMPTryFlag.cpp]
  ignore line: [clang -cc1 version 13.0.0 based upon LLVM 13.0.0 default target x86_64-unknown-linux-gnu]
  ignore line: [ignoring nonexistent directory "/usr/lib/gcc/x86_64-redhat-linux/11/../../../../x86_64-redhat-linux/include"]
  ignore line: [ignoring nonexistent directory "/include"]
  ignore line: [#include "..." search starts here:]
  ignore line: [#include <...> search starts here:]
  ignore line: [ /usr/lib/gcc/x86_64-redhat-linux/11/../../../../include/c++/11]
  ignore line: [ /usr/lib/gcc/x86_64-redhat-linux/11/../../../../include/c++/11/x86_64-redhat-linux]
  ignore line: [ /usr/lib/gcc/x86_64-redhat-linux/11/../../../../include/c++/11/backward]
  ignore line: [ /home/maniageo/tools/spack/opt/spack/linux-fedora33-skylake/clang-12.0.0/llvm-13.0.0-yva5rl5rycciimnkcjkiyfat7kqsl77t/lib/clang/13.0.0/include]
  ignore line: [ /usr/local/include]
  ignore line: [ /usr/include]
  ignore line: [End of search list.]
  ignore line: [[2/2] Linking CXX executable cmTC_af4ef]
  ignore line: [clang version 13.0.0 (https://github.com/georgi-mania/spack.git 6c4f891b8f77787c65a1a921c60d825860bb7d30)]
  ignore line: [Target: x86_64-unknown-linux-gnu]
  ignore line: [Thread model: posix]
  ignore line: [InstalledDir: /home/maniageo/tools/spack/opt/spack/linux-fedora33-skylake/clang-12.0.0/llvm-13.0.0-yva5rl5rycciimnkcjkiyfat7kqsl77t/bin]
  ignore line: [Found candidate GCC installation: /usr/lib/gcc/x86_64-redhat-linux/11]
  ignore line: [Selected GCC installation: /usr/lib/gcc/x86_64-redhat-linux/11]
  ignore line: [Candidate multilib: .]
  ignore line: [@m64]
  ignore line: [Candidate multilib: 32]
  ignore line: [@m32]
  ignore line: [Selected multilib: .]
  ignore line: [@m64]
  ignore line: [Found CUDA installation: /usr/local/cuda-11.6  version 11.2]
  link line: [ "/usr/bin/ld" --hash-style=gnu --eh-frame-hdr -m elf_x86_64 -dynamic-linker /lib64/ld-linux-x86-64.so.2 -o cmTC_af4ef /usr/lib/gcc/x86_64-redhat-linux/11/../../../../lib64/crt1.o /usr/lib/gcc/x86_64-redhat-linux/11/../../../../lib64/crti.o /usr/lib/gcc/x86_64-redhat-linux/11/crtbegin.o -L/usr/lib/gcc/x86_64-redhat-linux/11 -L/usr/lib/gcc/x86_64-redhat-linux/11/../../../../lib64 -L/lib/../lib64 -L/usr/lib/../lib64 -L/home/maniageo/tools/spack/opt/spack/linux-fedora33-skylake/clang-12.0.0/llvm-13.0.0-yva5rl5rycciimnkcjkiyfat7kqsl77t/bin/../lib -L/lib -L/usr/lib CMakeFiles/cmTC_af4ef.dir/OpenMPTryFlag.cpp.o -lstdc++ -lm -lomp -lgcc_s -lgcc -lpthread -lc -lgcc_s -lgcc /usr/lib/gcc/x86_64-redhat-linux/11/crtend.o /usr/lib/gcc/x86_64-redhat-linux/11/../../../../lib64/crtn.o]
    arg [/usr/bin/ld] ==> ignore
    arg [--hash-style=gnu] ==> ignore
    arg [--eh-frame-hdr] ==> ignore
    arg [-m] ==> ignore
    arg [elf_x86_64] ==> ignore
    arg [-dynamic-linker] ==> ignore
    arg [/lib64/ld-linux-x86-64.so.2] ==> ignore
    arg [-o] ==> ignore
    arg [cmTC_af4ef] ==> ignore
    arg [-L/usr/lib/gcc/x86_64-redhat-linux/11] ==> dir [/usr/lib/gcc/x86_64-redhat-linux/11]
    arg [-L/usr/lib/gcc/x86_64-redhat-linux/11/../../../../lib64] ==> dir [/usr/lib/gcc/x86_64-redhat-linux/11/../../../../lib64]
    arg [-L/lib/../lib64] ==> dir [/lib/../lib64]
    arg [-L/usr/lib/../lib64] ==> dir [/usr/lib/../lib64]
    arg [-L/home/maniageo/tools/spack/opt/spack/linux-fedora33-skylake/clang-12.0.0/llvm-13.0.0-yva5rl5rycciimnkcjkiyfat7kqsl77t/bin/../lib] ==> dir [/home/maniageo/tools/spack/opt/spack/linux-fedora33-skylake/clang-12.0.0/llvm-13.0.0-yva5rl5rycciimnkcjkiyfat7kqsl77t/bin/../lib]
    arg [-L/lib] ==> dir [/lib]
    arg [-L/usr/lib] ==> dir [/usr/lib]
    arg [CMakeFiles/cmTC_af4ef.dir/OpenMPTryFlag.cpp.o] ==> ignore
    arg [-lstdc++] ==> lib [stdc++]
    arg [-lm] ==> lib [m]
    arg [-lomp] ==> lib [omp]
    arg [-lgcc_s] ==> lib [gcc_s]
    arg [-lgcc] ==> lib [gcc]
    arg [-lpthread] ==> lib [pthread]
    arg [-lc] ==> lib [c]
    arg [-lgcc_s] ==> lib [gcc_s]
    arg [-lgcc] ==> lib [gcc]
  collapse library dir [/usr/lib/gcc/x86_64-redhat-linux/11] ==> [/usr/lib/gcc/x86_64-redhat-linux/11]
  collapse library dir [/usr/lib/gcc/x86_64-redhat-linux/11/../../../../lib64] ==> [/usr/lib64]
  collapse library dir [/lib/../lib64] ==> [/lib64]
  collapse library dir [/usr/lib/../lib64] ==> [/usr/lib64]
  collapse library dir [/home/maniageo/tools/spack/opt/spack/linux-fedora33-skylake/clang-12.0.0/llvm-13.0.0-yva5rl5rycciimnkcjkiyfat7kqsl77t/bin/../lib] ==> [/home/maniageo/tools/spack/opt/spack/linux-fedora33-skylake/clang-12.0.0/llvm-13.0.0-yva5rl5rycciimnkcjkiyfat7kqsl77t/lib]
  collapse library dir [/lib] ==> [/lib]
  collapse library dir [/usr/lib] ==> [/usr/lib]
  implicit libs: [stdc++;m;omp;gcc_s;gcc;pthread;c;gcc_s;gcc]
  implicit objs: []
  implicit dirs: [/usr/lib/gcc/x86_64-redhat-linux/11;/usr/lib64;/lib64;/home/maniageo/tools/spack/opt/spack/linux-fedora33-skylake/clang-12.0.0/llvm-13.0.0-yva5rl5rycciimnkcjkiyfat7kqsl77t/lib;/lib;/usr/lib]
  implicit fwks: []


Determining if the include file pthread.h exists passed with the following output:
Change Dir: /home/maniageo/dev/phd/examples/vecpar/cmake-build-debug/CMakeFiles/CMakeTmp

Run Build Command(s):/home/maniageo/tools/clion-2021.1.1/bin/ninja/linux/ninja cmTC_ba739 && [1/2] Building C object CMakeFiles/cmTC_ba739.dir/CheckIncludeFile.c.o
[2/2] Linking C executable cmTC_ba739



Performing C SOURCE FILE Test CMAKE_HAVE_LIBC_PTHREAD succeeded with the following output:
Change Dir: /home/maniageo/dev/phd/examples/vecpar/cmake-build-debug/CMakeFiles/CMakeTmp

Run Build Command(s):/home/maniageo/tools/clion-2021.1.1/bin/ninja/linux/ninja cmTC_f19d6 && [1/2] Building C object CMakeFiles/cmTC_f19d6.dir/src.c.o
[2/2] Linking C executable cmTC_f19d6


Source file was:
#include <pthread.h>

static void* test_func(void* data)
{
  return data;
}

int main(void)
{
  pthread_t thread;
  pthread_create(&thread, NULL, test_func, NULL);
  pthread_detach(thread);
  pthread_cancel(thread);
  pthread_join(thread, NULL);
  pthread_atfork(NULL, NULL, NULL);
  pthread_exit(NULL);

  return 0;
}

Checking whether the CUDA compiler is NVIDIA using "" matched "nvcc: NVIDIA \(R\) Cuda compiler driver":
nvcc: NVIDIA (R) Cuda compiler driver
Copyright (c) 2005-2022 NVIDIA Corporation
Built on Thu_Feb_10_18:23:41_PST_2022
Cuda compilation tools, release 11.6, V11.6.112
Build cuda_11.6.r11.6/compiler.30978841_0
Compiling the CUDA compiler identification source file "CMakeCUDACompilerId.cu" succeeded.
Compiler: /usr/local/cuda/bin/nvcc 
Build flags: 
Id flags: --keep;--keep-dir;tmp -v

The output was:
0
#$ _NVVM_BRANCH_=nvvm
#$ _SPACE_= 
#$ _CUDART_=cudart
#$ _HERE_=/usr/local/cuda/bin
#$ _THERE_=/usr/local/cuda/bin
#$ _TARGET_SIZE_=
#$ _TARGET_DIR_=
#$ _TARGET_DIR_=targets/x86_64-linux
#$ TOP=/usr/local/cuda/bin/..
#$ NVVMIR_LIBRARY_DIR=/usr/local/cuda/bin/../nvvm/libdevice
#$ LD_LIBRARY_PATH=/usr/local/cuda/bin/../lib:/home/maniageo/tools/spack/opt/spack/linux-fedora33-skylake/gcc-10.3.1/googletest-1.10.0-6yu4p6gxlqk2a4k727ecrcunqe7jj6jb/lib64:/usr/local/cuda/lib64:/usr/local/cuda/lib64:
#$ PATH=/usr/local/cuda/bin/../nvvm/bin:/usr/local/cuda/bin:/usr/local/cuda/bin:/usr/local/cuda/bin:/home/maniageo/.local/bin:/home/maniageo/bin:/usr/lib/jvm/java-11-openjdk-11.0.11.0.9-0.fc33.x86_64//bin:/home/maniageo/tools/spack/bin:/usr/local/bin:/usr/local/sbin:/usr/bin:/usr/sbin
#$ INCLUDES="-I/usr/local/cuda/bin/../targets/x86_64-linux/include"  
#$ LIBRARIES=  "-L/usr/local/cuda/bin/../targets/x86_64-linux/lib/stubs" "-L/usr/local/cuda/bin/../targets/x86_64-linux/lib"
#$ CUDAFE_FLAGS=
#$ PTXAS_FLAGS=
#$ rm tmp/a_dlink.reg.c
#$ gcc -D__CUDA_ARCH__=520 -D__CUDA_ARCH_LIST__=520 -E -x c++  -DCUDA_DOUBLE_MATH_FUNCTIONS -D__CUDACC__ -D__NVCC__  "-I/usr/local/cuda/bin/../targets/x86_64-linux/include"    -D__CUDACC_VER_MAJOR__=11 -D__CUDACC_VER_MINOR__=6 -D__CUDACC_VER_BUILD__=112 -D__CUDA_API_VER_MAJOR__=11 -D__CUDA_API_VER_MINOR__=6 -D__NVCC_DIAG_PRAGMA_SUPPORT__=1 -include "cuda_runtime.h" -m64 "CMakeCUDACompilerId.cu" -o "tmp/CMakeCUDACompilerId.cpp1.ii" 
#$ cicc --c++17 --gnu_version=110201 --display_error_number --orig_src_file_name "CMakeCUDACompilerId.cu" --orig_src_path_name "/home/maniageo/dev/phd/examples/vecpar/cmake-build-debug/CMakeFiles/3.21.1/CompilerIdCUDA/CMakeCUDACompilerId.cu" --allow_managed   -arch compute_52 -m64 --no-version-ident -ftz=0 -prec_div=1 -prec_sqrt=1 -fmad=1 --include_file_name "CMakeCUDACompilerId.fatbin.c" -tused --gen_module_id_file --module_id_file_name "tmp/CMakeCUDACompilerId.module_id" --gen_c_file_name "tmp/CMakeCUDACompilerId.cudafe1.c" --stub_file_name "tmp/CMakeCUDACompilerId.cudafe1.stub.c" --gen_device_file_name "tmp/CMakeCUDACompilerId.cudafe1.gpu"  "tmp/CMakeCUDACompilerId.cpp1.ii" -o "tmp/CMakeCUDACompilerId.ptx"
#$ ptxas -arch=sm_52 -m64  "tmp/CMakeCUDACompilerId.ptx"  -o "tmp/CMakeCUDACompilerId.sm_52.cubin" 
#$ fatbinary --create="tmp/CMakeCUDACompilerId.fatbin" -64 --cicc-cmdline="-ftz=0 -prec_div=1 -prec_sqrt=1 -fmad=1 " "--image3=kind=elf,sm=52,file=tmp/CMakeCUDACompilerId.sm_52.cubin" "--image3=kind=ptx,sm=52,file=tmp/CMakeCUDACompilerId.ptx" --embedded-fatbin="tmp/CMakeCUDACompilerId.fatbin.c" 
#$ gcc -D__CUDA_ARCH_LIST__=520 -E -x c++ -D__CUDACC__ -D__NVCC__  "-I/usr/local/cuda/bin/../targets/x86_64-linux/include"    -D__CUDACC_VER_MAJOR__=11 -D__CUDACC_VER_MINOR__=6 -D__CUDACC_VER_BUILD__=112 -D__CUDA_API_VER_MAJOR__=11 -D__CUDA_API_VER_MINOR__=6 -D__NVCC_DIAG_PRAGMA_SUPPORT__=1 -include "cuda_runtime.h" -m64 "CMakeCUDACompilerId.cu" -o "tmp/CMakeCUDACompilerId.cpp4.ii" 
#$ cudafe++ --c++17 --gnu_version=110201 --display_error_number --orig_src_file_name "CMakeCUDACompilerId.cu" --orig_src_path_name "/home/maniageo/dev/phd/examples/vecpar/cmake-build-debug/CMakeFiles/3.21.1/CompilerIdCUDA/CMakeCUDACompilerId.cu" --allow_managed  --m64 --parse_templates --gen_c_file_name "tmp/CMakeCUDACompilerId.cudafe1.cpp" --stub_file_name "CMakeCUDACompilerId.cudafe1.stub.c" --module_id_file_name "tmp/CMakeCUDACompilerId.module_id" "tmp/CMakeCUDACompilerId.cpp4.ii" 
#$ gcc -D__CUDA_ARCH__=520 -D__CUDA_ARCH_LIST__=520 -c -x c++  -DCUDA_DOUBLE_MATH_FUNCTIONS "-I/usr/local/cuda/bin/../targets/x86_64-linux/include"   -m64 "tmp/CMakeCUDACompilerId.cudafe1.cpp" -o "tmp/CMakeCUDACompilerId.o" 
#$ nvlink -m64 --arch=sm_52 --register-link-binaries="tmp/a_dlink.reg.c"    "-L/usr/local/cuda/bin/../targets/x86_64-linux/lib/stubs" "-L/usr/local/cuda/bin/../targets/x86_64-linux/lib" -cpu-arch=X86_64 "tmp/CMakeCUDACompilerId.o"  -lcudadevrt  -o "tmp/a_dlink.sm_52.cubin"
#$ fatbinary --create="tmp/a_dlink.fatbin" -64 --cicc-cmdline="-ftz=0 -prec_div=1 -prec_sqrt=1 -fmad=1 " -link "--image3=kind=elf,sm=52,file=tmp/a_dlink.sm_52.cubin" --embedded-fatbin="tmp/a_dlink.fatbin.c" 
#$ gcc -D__CUDA_ARCH_LIST__=520 -c -x c++ -DFATBINFILE="\"tmp/a_dlink.fatbin.c\"" -DREGISTERLINKBINARYFILE="\"tmp/a_dlink.reg.c\"" -I. -D__NV_EXTRA_INITIALIZATION= -D__NV_EXTRA_FINALIZATION= -D__CUDA_INCLUDE_COMPILER_INTERNAL_HEADERS__  "-I/usr/local/cuda/bin/../targets/x86_64-linux/include"    -D__CUDACC_VER_MAJOR__=11 -D__CUDACC_VER_MINOR__=6 -D__CUDACC_VER_BUILD__=112 -D__CUDA_API_VER_MAJOR__=11 -D__CUDA_API_VER_MINOR__=6 -D__NVCC_DIAG_PRAGMA_SUPPORT__=1 -m64 "/usr/local/cuda/bin/crt/link.stub" -o "tmp/a_dlink.o" 
#$ g++ -D__CUDA_ARCH_LIST__=520 -m64 -Wl,--start-group "tmp/a_dlink.o" "tmp/CMakeCUDACompilerId.o"   "-L/usr/local/cuda/bin/../targets/x86_64-linux/lib/stubs" "-L/usr/local/cuda/bin/../targets/x86_64-linux/lib"  -lcudadevrt  -lcudart_static  -lrt -lpthread  -ldl  -Wl,--end-group -o "a.out" 


Compilation of the CUDA compiler identification source "CMakeCUDACompilerId.cu" produced "a.out"

The CUDA compiler identification is NVIDIA, found in "/home/maniageo/dev/phd/examples/vecpar/cmake-build-debug/CMakeFiles/3.21.1/CompilerIdCUDA/a.out"

Parsed CUDA nvcc implicit link information from above output:
  found 'PATH=' string: [/usr/local/cuda/bin/../nvvm/bin:/usr/local/cuda/bin:/usr/local/cuda/bin:/usr/local/cuda/bin:/home/maniageo/.local/bin:/home/maniageo/bin:/usr/lib/jvm/java-11-openjdk-11.0.11.0.9-0.fc33.x86_64//bin:/home/maniageo/tools/spack/bin:/usr/local/bin:/usr/local/sbin:/usr/bin:/usr/sbin]
  found 'LIBRARIES=' string: ["-L/usr/local/cuda/bin/../targets/x86_64-linux/lib/stubs" "-L/usr/local/cuda/bin/../targets/x86_64-linux/lib"]
  considering line: [#$ rm tmp/a_dlink.reg.c]
  considering line: [gcc -D__CUDA_ARCH__=520 -D__CUDA_ARCH_LIST__=520 -E -x c++  -DCUDA_DOUBLE_MATH_FUNCTIONS -D__CUDACC__ -D__NVCC__  "-I/usr/local/cuda/bin/../targets/x86_64-linux/include"    -D__CUDACC_VER_MAJOR__=11 -D__CUDACC_VER_MINOR__=6 -D__CUDACC_VER_BUILD__=112 -D__CUDA_API_VER_MAJOR__=11 -D__CUDA_API_VER_MINOR__=6 -D__NVCC_DIAG_PRAGMA_SUPPORT__=1 -include "cuda_runtime.h" -m64 "CMakeCUDACompilerId.cu" -o "tmp/CMakeCUDACompilerId.cpp1.ii" ]
  considering line: [cicc --c++17 --gnu_version=110201 --display_error_number --orig_src_file_name "CMakeCUDACompilerId.cu" --orig_src_path_name "/home/maniageo/dev/phd/examples/vecpar/cmake-build-debug/CMakeFiles/3.21.1/CompilerIdCUDA/CMakeCUDACompilerId.cu" --allow_managed   -arch compute_52 -m64 --no-version-ident -ftz=0 -prec_div=1 -prec_sqrt=1 -fmad=1 --include_file_name "CMakeCUDACompilerId.fatbin.c" -tused --gen_module_id_file --module_id_file_name "tmp/CMakeCUDACompilerId.module_id" --gen_c_file_name "tmp/CMakeCUDACompilerId.cudafe1.c" --stub_file_name "tmp/CMakeCUDACompilerId.cudafe1.stub.c" --gen_device_file_name "tmp/CMakeCUDACompilerId.cudafe1.gpu"  "tmp/CMakeCUDACompilerId.cpp1.ii" -o "tmp/CMakeCUDACompilerId.ptx"]
  considering line: [ptxas -arch=sm_52 -m64  "tmp/CMakeCUDACompilerId.ptx"  -o "tmp/CMakeCUDACompilerId.sm_52.cubin" ]
  considering line: [fatbinary --create="tmp/CMakeCUDACompilerId.fatbin" -64 --cicc-cmdline="-ftz=0 -prec_div=1 -prec_sqrt=1 -fmad=1 " "--image3=kind=elf,sm=52,file=tmp/CMakeCUDACompilerId.sm_52.cubin" "--image3=kind=ptx,sm=52,file=tmp/CMakeCUDACompilerId.ptx" --embedded-fatbin="tmp/CMakeCUDACompilerId.fatbin.c" ]
  considering line: [gcc -D__CUDA_ARCH_LIST__=520 -E -x c++ -D__CUDACC__ -D__NVCC__  "-I/usr/local/cuda/bin/../targets/x86_64-linux/include"    -D__CUDACC_VER_MAJOR__=11 -D__CUDACC_VER_MINOR__=6 -D__CUDACC_VER_BUILD__=112 -D__CUDA_API_VER_MAJOR__=11 -D__CUDA_API_VER_MINOR__=6 -D__NVCC_DIAG_PRAGMA_SUPPORT__=1 -include "cuda_runtime.h" -m64 "CMakeCUDACompilerId.cu" -o "tmp/CMakeCUDACompilerId.cpp4.ii" ]
  considering line: [cudafe++ --c++17 --gnu_version=110201 --display_error_number --orig_src_file_name "CMakeCUDACompilerId.cu" --orig_src_path_name "/home/maniageo/dev/phd/examples/vecpar/cmake-build-debug/CMakeFiles/3.21.1/CompilerIdCUDA/CMakeCUDACompilerId.cu" --allow_managed  --m64 --parse_templates --gen_c_file_name "tmp/CMakeCUDACompilerId.cudafe1.cpp" --stub_file_name "CMakeCUDACompilerId.cudafe1.stub.c" --module_id_file_name "tmp/CMakeCUDACompilerId.module_id" "tmp/CMakeCUDACompilerId.cpp4.ii" ]
  considering line: [gcc -D__CUDA_ARCH__=520 -D__CUDA_ARCH_LIST__=520 -c -x c++  -DCUDA_DOUBLE_MATH_FUNCTIONS "-I/usr/local/cuda/bin/../targets/x86_64-linux/include"   -m64 "tmp/CMakeCUDACompilerId.cudafe1.cpp" -o "tmp/CMakeCUDACompilerId.o" ]
  considering line: [nvlink -m64 --arch=sm_52 --register-link-binaries="tmp/a_dlink.reg.c"    "-L/usr/local/cuda/bin/../targets/x86_64-linux/lib/stubs" "-L/usr/local/cuda/bin/../targets/x86_64-linux/lib" -cpu-arch=X86_64 "tmp/CMakeCUDACompilerId.o"  -lcudadevrt  -o "tmp/a_dlink.sm_52.cubin"]
    ignoring nvlink line
  considering line: [fatbinary --create="tmp/a_dlink.fatbin" -64 --cicc-cmdline="-ftz=0 -prec_div=1 -prec_sqrt=1 -fmad=1 " -link "--image3=kind=elf,sm=52,file=tmp/a_dlink.sm_52.cubin" --embedded-fatbin="tmp/a_dlink.fatbin.c" ]
  considering line: [gcc -D__CUDA_ARCH_LIST__=520 -c -x c++ -DFATBINFILE="\"tmp/a_dlink.fatbin.c\"" -DREGISTERLINKBINARYFILE="\"tmp/a_dlink.reg.c\"" -I. -D__NV_EXTRA_INITIALIZATION= -D__NV_EXTRA_FINALIZATION= -D__CUDA_INCLUDE_COMPILER_INTERNAL_HEADERS__  "-I/usr/local/cuda/bin/../targets/x86_64-linux/include"    -D__CUDACC_VER_MAJOR__=11 -D__CUDACC_VER_MINOR__=6 -D__CUDACC_VER_BUILD__=112 -D__CUDA_API_VER_MAJOR__=11 -D__CUDA_API_VER_MINOR__=6 -D__NVCC_DIAG_PRAGMA_SUPPORT__=1 -m64 "/usr/local/cuda/bin/crt/link.stub" -o "tmp/a_dlink.o" ]
  considering line: [g++ -D__CUDA_ARCH_LIST__=520 -m64 -Wl,--start-group "tmp/a_dlink.o" "tmp/CMakeCUDACompilerId.o"   "-L/usr/local/cuda/bin/../targets/x86_64-linux/lib/stubs" "-L/usr/local/cuda/bin/../targets/x86_64-linux/lib"  -lcudadevrt  -lcudart_static  -lrt -lpthread  -ldl  -Wl,--end-group -o "a.out" ]
    extracted link line: [g++ -D__CUDA_ARCH_LIST__=520 -m64 -Wl,--start-group "tmp/a_dlink.o" "tmp/CMakeCUDACompilerId.o"   "-L/usr/local/cuda/bin/../targets/x86_64-linux/lib/stubs" "-L/usr/local/cuda/bin/../targets/x86_64-linux/lib"  -lcudadevrt  -lcudart_static  -lrt -lpthread  -ldl  -Wl,--end-group -o "a.out" ]
  considering line: []
  extracted link launcher name: [g++]
  found link launcher absolute path: [/usr/bin/g++]

  link line regex: [^( *|.*[/\])(ld\.lld|CMAKE_LINK_STARTFILE-NOTFOUND|([^/\]+-)?ld|collect2)[^/\]*( |$)]
  link line: [cuda-fake-ld g++ -D__CUDA_ARCH_LIST__=520 -m64 -Wl,--start-group "tmp/a_dlink.o" "tmp/CMakeCUDACompilerId.o"   "-L/usr/local/cuda/bin/../targets/x86_64-linux/lib/stubs" "-L/usr/local/cuda/bin/../targets/x86_64-linux/lib"  -lcudadevrt  -lcudart_static  -lrt -lpthread  -ldl  -Wl,--end-group -o "a.out" ]
    arg [cuda-fake-ld] ==> ignore
    arg [g++] ==> ignore
    arg [-D__CUDA_ARCH_LIST__=520] ==> ignore
    arg [-m64] ==> ignore
    arg [-Wl,--start-group] ==> ignore
    arg [tmp/a_dlink.o] ==> ignore
    arg [tmp/CMakeCUDACompilerId.o] ==> ignore
    arg [-L/usr/local/cuda/bin/../targets/x86_64-linux/lib/stubs] ==> dir [/usr/local/cuda/bin/../targets/x86_64-linux/lib/stubs]
    arg [-L/usr/local/cuda/bin/../targets/x86_64-linux/lib] ==> dir [/usr/local/cuda/bin/../targets/x86_64-linux/lib]
    arg [-lcudadevrt] ==> lib [cudadevrt]
    arg [-lcudart_static] ==> lib [cudart_static]
    arg [-lrt] ==> lib [rt]
    arg [-lpthread] ==> lib [pthread]
    arg [-ldl] ==> lib [dl]
    arg [-Wl,--end-group] ==> ignore
    arg [-o] ==> ignore
    arg [a.out] ==> ignore
  collapse library dir [/usr/local/cuda/bin/../targets/x86_64-linux/lib/stubs] ==> [/usr/local/cuda/targets/x86_64-linux/lib/stubs]
  collapse library dir [/usr/local/cuda/bin/../targets/x86_64-linux/lib] ==> [/usr/local/cuda/targets/x86_64-linux/lib]
  implicit libs: [cudadevrt;cudart_static;rt;pthread;dl]
  implicit objs: []
  implicit dirs: [/usr/local/cuda/targets/x86_64-linux/lib/stubs;/usr/local/cuda/targets/x86_64-linux/lib]
  implicit fwks: []


Parsed CUDA nvcc include information from above output:
  found 'PATH=' string: [/usr/local/cuda/bin/../nvvm/bin:/usr/local/cuda/bin:/usr/local/cuda/bin:/usr/local/cuda/bin:/home/maniageo/.local/bin:/home/maniageo/bin:/usr/lib/jvm/java-11-openjdk-11.0.11.0.9-0.fc33.x86_64//bin:/home/maniageo/tools/spack/bin:/usr/local/bin:/usr/local/sbin:/usr/bin:/usr/sbin]
  found 'LIBRARIES=' string: ["-L/usr/local/cuda/bin/../targets/x86_64-linux/lib/stubs" "-L/usr/local/cuda/bin/../targets/x86_64-linux/lib"]
  considering line: [#$ rm tmp/a_dlink.reg.c]
  considering line: [gcc -D__CUDA_ARCH__=520 -D__CUDA_ARCH_LIST__=520 -E -x c++  -DCUDA_DOUBLE_MATH_FUNCTIONS -D__CUDACC__ -D__NVCC__  "-I/usr/local/cuda/bin/../targets/x86_64-linux/include"    -D__CUDACC_VER_MAJOR__=11 -D__CUDACC_VER_MINOR__=6 -D__CUDACC_VER_BUILD__=112 -D__CUDA_API_VER_MAJOR__=11 -D__CUDA_API_VER_MINOR__=6 -D__NVCC_DIAG_PRAGMA_SUPPORT__=1 -include "cuda_runtime.h" -m64 "CMakeCUDACompilerId.cu" -o "tmp/CMakeCUDACompilerId.cpp1.ii" ]
  considering line: [cicc --c++17 --gnu_version=110201 --display_error_number --orig_src_file_name "CMakeCUDACompilerId.cu" --orig_src_path_name "/home/maniageo/dev/phd/examples/vecpar/cmake-build-debug/CMakeFiles/3.21.1/CompilerIdCUDA/CMakeCUDACompilerId.cu" --allow_managed   -arch compute_52 -m64 --no-version-ident -ftz=0 -prec_div=1 -prec_sqrt=1 -fmad=1 --include_file_name "CMakeCUDACompilerId.fatbin.c" -tused --gen_module_id_file --module_id_file_name "tmp/CMakeCUDACompilerId.module_id" --gen_c_file_name "tmp/CMakeCUDACompilerId.cudafe1.c" --stub_file_name "tmp/CMakeCUDACompilerId.cudafe1.stub.c" --gen_device_file_name "tmp/CMakeCUDACompilerId.cudafe1.gpu"  "tmp/CMakeCUDACompilerId.cpp1.ii" -o "tmp/CMakeCUDACompilerId.ptx"]
  considering line: [ptxas -arch=sm_52 -m64  "tmp/CMakeCUDACompilerId.ptx"  -o "tmp/CMakeCUDACompilerId.sm_52.cubin" ]
  considering line: [fatbinary --create="tmp/CMakeCUDACompilerId.fatbin" -64 --cicc-cmdline="-ftz=0 -prec_div=1 -prec_sqrt=1 -fmad=1 " "--image3=kind=elf,sm=52,file=tmp/CMakeCUDACompilerId.sm_52.cubin" "--image3=kind=ptx,sm=52,file=tmp/CMakeCUDACompilerId.ptx" --embedded-fatbin="tmp/CMakeCUDACompilerId.fatbin.c" ]
  considering line: [gcc -D__CUDA_ARCH_LIST__=520 -E -x c++ -D__CUDACC__ -D__NVCC__  "-I/usr/local/cuda/bin/../targets/x86_64-linux/include"    -D__CUDACC_VER_MAJOR__=11 -D__CUDACC_VER_MINOR__=6 -D__CUDACC_VER_BUILD__=112 -D__CUDA_API_VER_MAJOR__=11 -D__CUDA_API_VER_MINOR__=6 -D__NVCC_DIAG_PRAGMA_SUPPORT__=1 -include "cuda_runtime.h" -m64 "CMakeCUDACompilerId.cu" -o "tmp/CMakeCUDACompilerId.cpp4.ii" ]
  considering line: [cudafe++ --c++17 --gnu_version=110201 --display_error_number --orig_src_file_name "CMakeCUDACompilerId.cu" --orig_src_path_name "/home/maniageo/dev/phd/examples/vecpar/cmake-build-debug/CMakeFiles/3.21.1/CompilerIdCUDA/CMakeCUDACompilerId.cu" --allow_managed  --m64 --parse_templates --gen_c_file_name "tmp/CMakeCUDACompilerId.cudafe1.cpp" --stub_file_name "CMakeCUDACompilerId.cudafe1.stub.c" --module_id_file_name "tmp/CMakeCUDACompilerId.module_id" "tmp/CMakeCUDACompilerId.cpp4.ii" ]
  considering line: [gcc -D__CUDA_ARCH__=520 -D__CUDA_ARCH_LIST__=520 -c -x c++  -DCUDA_DOUBLE_MATH_FUNCTIONS "-I/usr/local/cuda/bin/../targets/x86_64-linux/include"   -m64 "tmp/CMakeCUDACompilerId.cudafe1.cpp" -o "tmp/CMakeCUDACompilerId.o" ]
  considering line: [nvlink -m64 --arch=sm_52 --register-link-binaries="tmp/a_dlink.reg.c"    "-L/usr/local/cuda/bin/../targets/x86_64-linux/lib/stubs" "-L/usr/local/cuda/bin/../targets/x86_64-linux/lib" -cpu-arch=X86_64 "tmp/CMakeCUDACompilerId.o"  -lcudadevrt  -o "tmp/a_dlink.sm_52.cubin"]
    ignoring nvlink line
  considering line: [fatbinary --create="tmp/a_dlink.fatbin" -64 --cicc-cmdline="-ftz=0 -prec_div=1 -prec_sqrt=1 -fmad=1 " -link "--image3=kind=elf,sm=52,file=tmp/a_dlink.sm_52.cubin" --embedded-fatbin="tmp/a_dlink.fatbin.c" ]
  considering line: [gcc -D__CUDA_ARCH_LIST__=520 -c -x c++ -DFATBINFILE="\"tmp/a_dlink.fatbin.c\"" -DREGISTERLINKBINARYFILE="\"tmp/a_dlink.reg.c\"" -I. -D__NV_EXTRA_INITIALIZATION= -D__NV_EXTRA_FINALIZATION= -D__CUDA_INCLUDE_COMPILER_INTERNAL_HEADERS__  "-I/usr/local/cuda/bin/../targets/x86_64-linux/include"    -D__CUDACC_VER_MAJOR__=11 -D__CUDACC_VER_MINOR__=6 -D__CUDACC_VER_BUILD__=112 -D__CUDA_API_VER_MAJOR__=11 -D__CUDA_API_VER_MINOR__=6 -D__NVCC_DIAG_PRAGMA_SUPPORT__=1 -m64 "/usr/local/cuda/bin/crt/link.stub" -o "tmp/a_dlink.o" ]
  considering line: [g++ -D__CUDA_ARCH_LIST__=520 -m64 -Wl,--start-group "tmp/a_dlink.o" "tmp/CMakeCUDACompilerId.o"   "-L/usr/local/cuda/bin/../targets/x86_64-linux/lib/stubs" "-L/usr/local/cuda/bin/../targets/x86_64-linux/lib"  -lcudadevrt  -lcudart_static  -lrt -lpthread  -ldl  -Wl,--end-group -o "a.out" ]
    extracted link line: [g++ -D__CUDA_ARCH_LIST__=520 -m64 -Wl,--start-group "tmp/a_dlink.o" "tmp/CMakeCUDACompilerId.o"   "-L/usr/local/cuda/bin/../targets/x86_64-linux/lib/stubs" "-L/usr/local/cuda/bin/../targets/x86_64-linux/lib"  -lcudadevrt  -lcudart_static  -lrt -lpthread  -ldl  -Wl,--end-group -o "a.out" ]
  considering line: []
  extracted link launcher name: [g++]
  found link launcher absolute path: [/usr/bin/g++]
  found 'INCLUDES=' string: ["-I/usr/local/cuda/bin/../targets/x86_64-linux/include"  ]

  link line regex: [^( *|.*[/\])(ld\.lld|CMAKE_LINK_STARTFILE-NOTFOUND|([^/\]+-)?ld|collect2)[^/\]*( |$)]
  link line: [cuda-fake-ld g++ -D__CUDA_ARCH_LIST__=520 -m64 -Wl,--start-group "tmp/a_dlink.o" "tmp/CMakeCUDACompilerId.o"   "-L/usr/local/cuda/bin/../targets/x86_64-linux/lib/stubs" "-L/usr/local/cuda/bin/../targets/x86_64-linux/lib"  -lcudadevrt  -lcudart_static  -lrt -lpthread  -ldl  -Wl,--end-group -o "a.out" ]
    arg [cuda-fake-ld] ==> ignore
    arg [g++] ==> ignore
    arg [-D__CUDA_ARCH_LIST__=520] ==> ignore
    arg [-m64] ==> ignore
    arg [-Wl,--start-group] ==> ignore
    arg [tmp/a_dlink.o] ==> ignore
    arg [tmp/CMakeCUDACompilerId.o] ==> ignore
    arg [-L/usr/local/cuda/bin/../targets/x86_64-linux/lib/stubs] ==> dir [/usr/local/cuda/bin/../targets/x86_64-linux/lib/stubs]
    arg [-L/usr/local/cuda/bin/../targets/x86_64-linux/lib] ==> dir [/usr/local/cuda/bin/../targets/x86_64-linux/lib]
    arg [-lcudadevrt] ==> lib [cudadevrt]
    arg [-lcudart_static] ==> lib [cudart_static]
    arg [-lrt] ==> lib [rt]
    arg [-lpthread] ==> lib [pthread]
    arg [-ldl] ==> lib [dl]
    arg [-Wl,--end-group] ==> ignore
    arg [-o] ==> ignore
    arg [a.out] ==> ignore
  collapse library dir [/usr/local/cuda/bin/../targets/x86_64-linux/lib/stubs] ==> [/usr/local/cuda/targets/x86_64-linux/lib/stubs]
  collapse library dir [/usr/local/cuda/bin/../targets/x86_64-linux/lib] ==> [/usr/local/cuda/targets/x86_64-linux/lib]
  implicit libs: [cudadevrt;cudart_static;rt;pthread;dl]
  implicit objs: []
  implicit dirs: [/usr/local/cuda/targets/x86_64-linux/lib/stubs;/usr/local/cuda/targets/x86_64-linux/lib]
  implicit fwks: []


